2025-09-20T04:17:36: Traceback (most recent call last):
2025-09-20T04:17:36:   File "/home/anirudh/data-universe/scripts/reddit_multi_runner.py", line 559, in <module>
2025-09-20T04:17:36:     main()
2025-09-20T04:17:36:   File "/home/anirudh/data-universe/scripts/reddit_multi_runner.py", line 542, in main
2025-09-20T04:17:36:     asyncio.run(run_all())
2025-09-20T04:17:36:   File "/usr/lib/python3.10/asyncio/runners.py", line 44, in run
2025-09-20T04:17:36:     return loop.run_until_complete(main)
2025-09-20T04:17:36:   File "/usr/lib/python3.10/asyncio/base_events.py", line 636, in run_until_complete
2025-09-20T04:17:36:     self.run_forever()
2025-09-20T04:17:36:   File "/usr/lib/python3.10/asyncio/base_events.py", line 603, in run_forever
2025-09-20T04:17:36:     self._run_once()
2025-09-20T04:17:36:   File "/usr/lib/python3.10/asyncio/base_events.py", line 1871, in _run_once
2025-09-20T04:17:36:     event_list = self._selector.select(timeout)
2025-09-20T04:17:36:   File "/usr/lib/python3.10/selectors.py", line 469, in select
2025-09-20T04:17:36:     fd_event_list = self._selector.poll(timeout, max_ev)
2025-09-20T04:17:36: KeyboardInterrupt
2025-09-20T09:24:38: Traceback (most recent call last):
2025-09-20T09:24:38:   File "/home/anirudh/.local/lib/python3.10/site-packages/aiohttp/client_reqrep.py", line 1059, in start
2025-09-20T09:24:38:     message, payload = await protocol.read()  # type: ignore[union-attr]
2025-09-20T09:24:38:   File "/home/anirudh/.local/lib/python3.10/site-packages/aiohttp/streams.py", line 644, in read
2025-09-20T09:24:38:     await self._waiter
2025-09-20T09:24:38: asyncio.exceptions.CancelledError
2025-09-20T09:24:38: 
2025-09-20T09:24:38: The above exception was the direct cause of the following exception:
2025-09-20T09:24:38: 
2025-09-20T09:24:38: Traceback (most recent call last):
2025-09-20T09:24:38:   File "/home/anirudh/data-universe/scripts/reddit_multi_runner.py", line 376, in account_worker
2025-09-20T09:24:38:     async with session.get(url, headers=headers, timeout=60, proxy=account.proxy) as resp:
2025-09-20T09:24:38:   File "/home/anirudh/.local/lib/python3.10/site-packages/aiohttp/client.py", line 1360, in __aenter__
2025-09-20T09:24:38:     self._resp: _RetType = await self._coro
2025-09-20T09:24:38:   File "/home/anirudh/.local/lib/python3.10/site-packages/aiohttp/client.py", line 690, in _request
2025-09-20T09:24:38:     await resp.start(conn)
2025-09-20T09:24:38:   File "/home/anirudh/.local/lib/python3.10/site-packages/aiohttp/client_reqrep.py", line 1054, in start
2025-09-20T09:24:38:     with self._timer:
2025-09-20T09:24:38:   File "/home/anirudh/.local/lib/python3.10/site-packages/aiohttp/helpers.py", line 749, in __exit__
2025-09-20T09:24:38:     raise asyncio.TimeoutError from exc_val
2025-09-20T09:24:38: asyncio.exceptions.TimeoutError
2025-09-20T09:24:39: Traceback (most recent call last):
2025-09-20T09:24:39:   File "/home/anirudh/.local/lib/python3.10/site-packages/aiohttp/client_reqrep.py", line 1059, in start
2025-09-20T09:24:39:     message, payload = await protocol.read()  # type: ignore[union-attr]
2025-09-20T09:24:39:   File "/home/anirudh/.local/lib/python3.10/site-packages/aiohttp/streams.py", line 644, in read
2025-09-20T09:24:39:     await self._waiter
2025-09-20T09:24:39: asyncio.exceptions.CancelledError
2025-09-20T09:24:39: 
2025-09-20T09:24:39: The above exception was the direct cause of the following exception:
2025-09-20T09:24:39: 
2025-09-20T09:24:39: Traceback (most recent call last):
2025-09-20T09:24:39:   File "/home/anirudh/data-universe/scripts/reddit_multi_runner.py", line 376, in account_worker
2025-09-20T09:24:39:     async with session.get(url, headers=headers, timeout=60, proxy=account.proxy) as resp:
2025-09-20T09:24:39:   File "/home/anirudh/.local/lib/python3.10/site-packages/aiohttp/client.py", line 1360, in __aenter__
2025-09-20T09:24:39:     self._resp: _RetType = await self._coro
2025-09-20T09:24:39:   File "/home/anirudh/.local/lib/python3.10/site-packages/aiohttp/client.py", line 690, in _request
2025-09-20T09:24:39:     await resp.start(conn)
2025-09-20T09:24:39:   File "/home/anirudh/.local/lib/python3.10/site-packages/aiohttp/client_reqrep.py", line 1054, in start
2025-09-20T09:24:39:     with self._timer:
2025-09-20T09:24:39:   File "/home/anirudh/.local/lib/python3.10/site-packages/aiohttp/helpers.py", line 749, in __exit__
2025-09-20T09:24:39:     raise asyncio.TimeoutError from exc_val
2025-09-20T09:24:39: asyncio.exceptions.TimeoutError
2025-09-20T09:24:39: Traceback (most recent call last):
2025-09-20T09:24:39:   File "/home/anirudh/.local/lib/python3.10/site-packages/aiohttp/client_reqrep.py", line 1059, in start
2025-09-20T09:24:39:     message, payload = await protocol.read()  # type: ignore[union-attr]
2025-09-20T09:24:39:   File "/home/anirudh/.local/lib/python3.10/site-packages/aiohttp/streams.py", line 644, in read
2025-09-20T09:24:39:     await self._waiter
2025-09-20T09:24:39: asyncio.exceptions.CancelledError
2025-09-20T09:24:39: 
2025-09-20T09:24:39: The above exception was the direct cause of the following exception:
2025-09-20T09:24:39: 
2025-09-20T09:24:39: Traceback (most recent call last):
2025-09-20T09:24:39:   File "/home/anirudh/data-universe/scripts/reddit_multi_runner.py", line 376, in account_worker
2025-09-20T09:24:39:     async with session.get(url, headers=headers, timeout=60, proxy=account.proxy) as resp:
2025-09-20T09:24:39:   File "/home/anirudh/.local/lib/python3.10/site-packages/aiohttp/client.py", line 1360, in __aenter__
2025-09-20T09:24:39:     self._resp: _RetType = await self._coro
2025-09-20T09:24:39:   File "/home/anirudh/.local/lib/python3.10/site-packages/aiohttp/client.py", line 690, in _request
2025-09-20T09:24:39:     await resp.start(conn)
2025-09-20T09:24:39:   File "/home/anirudh/.local/lib/python3.10/site-packages/aiohttp/client_reqrep.py", line 1054, in start
2025-09-20T09:24:39:     with self._timer:
2025-09-20T09:24:39:   File "/home/anirudh/.local/lib/python3.10/site-packages/aiohttp/helpers.py", line 749, in __exit__
2025-09-20T09:24:39:     raise asyncio.TimeoutError from exc_val
2025-09-20T09:24:39: asyncio.exceptions.TimeoutError
2025-09-20T09:24:39: Traceback (most recent call last):
2025-09-20T09:24:39:   File "/home/anirudh/.local/lib/python3.10/site-packages/aiohttp/client_reqrep.py", line 1059, in start
2025-09-20T09:24:39:     message, payload = await protocol.read()  # type: ignore[union-attr]
2025-09-20T09:24:39:   File "/home/anirudh/.local/lib/python3.10/site-packages/aiohttp/streams.py", line 644, in read
2025-09-20T09:24:39:     await self._waiter
2025-09-20T09:24:39: asyncio.exceptions.CancelledError
2025-09-20T09:24:39: 
2025-09-20T09:24:39: The above exception was the direct cause of the following exception:
2025-09-20T09:24:39: 
2025-09-20T09:24:39: Traceback (most recent call last):
2025-09-20T09:24:39:   File "/home/anirudh/data-universe/scripts/reddit_multi_runner.py", line 376, in account_worker
2025-09-20T09:24:39:     async with session.get(url, headers=headers, timeout=60, proxy=account.proxy) as resp:
2025-09-20T09:24:39:   File "/home/anirudh/.local/lib/python3.10/site-packages/aiohttp/client.py", line 1360, in __aenter__
2025-09-20T09:24:39:     self._resp: _RetType = await self._coro
2025-09-20T09:24:39:   File "/home/anirudh/.local/lib/python3.10/site-packages/aiohttp/client.py", line 690, in _request
2025-09-20T09:24:39:     await resp.start(conn)
2025-09-20T09:24:39:   File "/home/anirudh/.local/lib/python3.10/site-packages/aiohttp/client_reqrep.py", line 1054, in start
2025-09-20T09:24:39:     with self._timer:
2025-09-20T09:24:39:   File "/home/anirudh/.local/lib/python3.10/site-packages/aiohttp/helpers.py", line 749, in __exit__
2025-09-20T09:24:39:     raise asyncio.TimeoutError from exc_val
2025-09-20T09:24:39: asyncio.exceptions.TimeoutError
2025-09-20T09:24:39: Traceback (most recent call last):
2025-09-20T09:24:39:   File "/home/anirudh/.local/lib/python3.10/site-packages/aiohttp/streams.py", line 316, in _wait
2025-09-20T09:24:39:     await waiter
2025-09-20T09:24:39: asyncio.exceptions.CancelledError
2025-09-20T09:24:39: 
2025-09-20T09:24:39: The above exception was the direct cause of the following exception:
2025-09-20T09:24:39: 
2025-09-20T09:24:39: Traceback (most recent call last):
2025-09-20T09:24:39:   File "/home/anirudh/data-universe/scripts/reddit_multi_runner.py", line 382, in account_worker
2025-09-20T09:24:39:     data = await resp.json(content_type=None)
2025-09-20T09:24:39:   File "/home/anirudh/.local/lib/python3.10/site-packages/aiohttp/client_reqrep.py", line 1273, in json
2025-09-20T09:24:39:     await self.read()
2025-09-20T09:24:39:   File "/home/anirudh/.local/lib/python3.10/site-packages/aiohttp/client_reqrep.py", line 1215, in read
2025-09-20T09:24:39:     self._body = await self.content.read()
2025-09-20T09:24:39:   File "/home/anirudh/.local/lib/python3.10/site-packages/aiohttp/streams.py", line 387, in read
2025-09-20T09:24:39:     block = await self.readany()
2025-09-20T09:24:39:   File "/home/anirudh/.local/lib/python3.10/site-packages/aiohttp/streams.py", line 409, in readany
2025-09-20T09:24:39:     await self._wait("readany")
2025-09-20T09:24:39:   File "/home/anirudh/.local/lib/python3.10/site-packages/aiohttp/streams.py", line 315, in _wait
2025-09-20T09:24:39:     with self._timer:
2025-09-20T09:24:39:   File "/home/anirudh/.local/lib/python3.10/site-packages/aiohttp/helpers.py", line 749, in __exit__
2025-09-20T09:24:39:     raise asyncio.TimeoutError from exc_val
2025-09-20T09:24:39: asyncio.exceptions.TimeoutError
2025-09-20T09:24:39: Traceback (most recent call last):
2025-09-20T09:24:39:   File "/home/anirudh/.local/lib/python3.10/site-packages/aiohttp/client_reqrep.py", line 1059, in start
2025-09-20T09:24:39:     message, payload = await protocol.read()  # type: ignore[union-attr]
2025-09-20T09:24:39:   File "/home/anirudh/.local/lib/python3.10/site-packages/aiohttp/streams.py", line 644, in read
2025-09-20T09:24:39:     await self._waiter
2025-09-20T09:24:39: asyncio.exceptions.CancelledError
2025-09-20T09:24:39: 
2025-09-20T09:24:39: The above exception was the direct cause of the following exception:
2025-09-20T09:24:39: 
2025-09-20T09:24:39: Traceback (most recent call last):
2025-09-20T09:24:39:   File "/home/anirudh/data-universe/scripts/reddit_multi_runner.py", line 376, in account_worker
2025-09-20T09:24:39:     async with session.get(url, headers=headers, timeout=60, proxy=account.proxy) as resp:
2025-09-20T09:24:39:   File "/home/anirudh/.local/lib/python3.10/site-packages/aiohttp/client.py", line 1360, in __aenter__
2025-09-20T09:24:39:     self._resp: _RetType = await self._coro
2025-09-20T09:24:39:   File "/home/anirudh/.local/lib/python3.10/site-packages/aiohttp/client.py", line 690, in _request
2025-09-20T09:24:39:     await resp.start(conn)
2025-09-20T09:24:39:   File "/home/anirudh/.local/lib/python3.10/site-packages/aiohttp/client_reqrep.py", line 1054, in start
2025-09-20T09:24:39:     with self._timer:
2025-09-20T09:24:39:   File "/home/anirudh/.local/lib/python3.10/site-packages/aiohttp/helpers.py", line 749, in __exit__
2025-09-20T09:24:39:     raise asyncio.TimeoutError from exc_val
2025-09-20T09:24:39: asyncio.exceptions.TimeoutError
2025-09-20T09:24:40: Traceback (most recent call last):
2025-09-20T09:24:40:   File "/home/anirudh/.local/lib/python3.10/site-packages/aiohttp/client_reqrep.py", line 1059, in start
2025-09-20T09:24:40:     message, payload = await protocol.read()  # type: ignore[union-attr]
2025-09-20T09:24:40:   File "/home/anirudh/.local/lib/python3.10/site-packages/aiohttp/streams.py", line 644, in read
2025-09-20T09:24:40:     await self._waiter
2025-09-20T09:24:40: asyncio.exceptions.CancelledError
2025-09-20T09:24:40: 
2025-09-20T09:24:40: The above exception was the direct cause of the following exception:
2025-09-20T09:24:40: 
2025-09-20T09:24:40: Traceback (most recent call last):
2025-09-20T09:24:40:   File "/home/anirudh/data-universe/scripts/reddit_multi_runner.py", line 376, in account_worker
2025-09-20T09:24:40:     async with session.get(url, headers=headers, timeout=60, proxy=account.proxy) as resp:
2025-09-20T09:24:40:   File "/home/anirudh/.local/lib/python3.10/site-packages/aiohttp/client.py", line 1360, in __aenter__
2025-09-20T09:24:40:     self._resp: _RetType = await self._coro
2025-09-20T09:24:40:   File "/home/anirudh/.local/lib/python3.10/site-packages/aiohttp/client.py", line 690, in _request
2025-09-20T09:24:40:     await resp.start(conn)
2025-09-20T09:24:40:   File "/home/anirudh/.local/lib/python3.10/site-packages/aiohttp/client_reqrep.py", line 1054, in start
2025-09-20T09:24:40:     with self._timer:
2025-09-20T09:24:40:   File "/home/anirudh/.local/lib/python3.10/site-packages/aiohttp/helpers.py", line 749, in __exit__
2025-09-20T09:24:40:     raise asyncio.TimeoutError from exc_val
2025-09-20T09:24:40: asyncio.exceptions.TimeoutError
2025-09-20T09:24:40: Traceback (most recent call last):
2025-09-20T09:24:40:   File "/home/anirudh/.local/lib/python3.10/site-packages/aiohttp/client_reqrep.py", line 1059, in start
2025-09-20T09:24:40:     message, payload = await protocol.read()  # type: ignore[union-attr]
2025-09-20T09:24:40:   File "/home/anirudh/.local/lib/python3.10/site-packages/aiohttp/streams.py", line 644, in read
2025-09-20T09:24:40:     await self._waiter
2025-09-20T09:24:40: asyncio.exceptions.CancelledError
2025-09-20T09:24:40: 
2025-09-20T09:24:40: The above exception was the direct cause of the following exception:
2025-09-20T09:24:40: 
2025-09-20T09:24:40: Traceback (most recent call last):
2025-09-20T09:24:40:   File "/home/anirudh/data-universe/scripts/reddit_multi_runner.py", line 376, in account_worker
2025-09-20T09:24:40:     async with session.get(url, headers=headers, timeout=60, proxy=account.proxy) as resp:
2025-09-20T09:24:40:   File "/home/anirudh/.local/lib/python3.10/site-packages/aiohttp/client.py", line 1360, in __aenter__
2025-09-20T09:24:40:     self._resp: _RetType = await self._coro
2025-09-20T09:24:40:   File "/home/anirudh/.local/lib/python3.10/site-packages/aiohttp/client.py", line 690, in _request
2025-09-20T09:24:40:     await resp.start(conn)
2025-09-20T09:24:40:   File "/home/anirudh/.local/lib/python3.10/site-packages/aiohttp/client_reqrep.py", line 1054, in start
2025-09-20T09:24:40:     with self._timer:
2025-09-20T09:24:40:   File "/home/anirudh/.local/lib/python3.10/site-packages/aiohttp/helpers.py", line 749, in __exit__
2025-09-20T09:24:40:     raise asyncio.TimeoutError from exc_val
2025-09-20T09:24:40: asyncio.exceptions.TimeoutError
2025-09-20T09:24:40: Traceback (most recent call last):
2025-09-20T09:24:40:   File "/home/anirudh/.local/lib/python3.10/site-packages/aiohttp/client_reqrep.py", line 1059, in start
2025-09-20T09:24:40:     message, payload = await protocol.read()  # type: ignore[union-attr]
2025-09-20T09:24:40:   File "/home/anirudh/.local/lib/python3.10/site-packages/aiohttp/streams.py", line 644, in read
2025-09-20T09:24:40:     await self._waiter
2025-09-20T09:24:40: asyncio.exceptions.CancelledError
2025-09-20T09:24:40: 
2025-09-20T09:24:40: The above exception was the direct cause of the following exception:
2025-09-20T09:24:40: 
2025-09-20T09:24:40: Traceback (most recent call last):
2025-09-20T09:24:40:   File "/home/anirudh/data-universe/scripts/reddit_multi_runner.py", line 376, in account_worker
2025-09-20T09:24:40:     async with session.get(url, headers=headers, timeout=60, proxy=account.proxy) as resp:
2025-09-20T09:24:40:   File "/home/anirudh/.local/lib/python3.10/site-packages/aiohttp/client.py", line 1360, in __aenter__
2025-09-20T09:24:40:     self._resp: _RetType = await self._coro
2025-09-20T09:24:40:   File "/home/anirudh/.local/lib/python3.10/site-packages/aiohttp/client.py", line 690, in _request
2025-09-20T09:24:40:     await resp.start(conn)
2025-09-20T09:24:40:   File "/home/anirudh/.local/lib/python3.10/site-packages/aiohttp/client_reqrep.py", line 1054, in start
2025-09-20T09:24:40:     with self._timer:
2025-09-20T09:24:40:   File "/home/anirudh/.local/lib/python3.10/site-packages/aiohttp/helpers.py", line 749, in __exit__
2025-09-20T09:24:40:     raise asyncio.TimeoutError from exc_val
2025-09-20T09:24:40: asyncio.exceptions.TimeoutError
2025-09-20T09:24:40: Traceback (most recent call last):
2025-09-20T09:24:40:   File "/home/anirudh/.local/lib/python3.10/site-packages/aiohttp/client_reqrep.py", line 1059, in start
2025-09-20T09:24:40:     message, payload = await protocol.read()  # type: ignore[union-attr]
2025-09-20T09:24:40:   File "/home/anirudh/.local/lib/python3.10/site-packages/aiohttp/streams.py", line 644, in read
2025-09-20T09:24:40:     await self._waiter
2025-09-20T09:24:40: asyncio.exceptions.CancelledError
2025-09-20T09:24:40: 
2025-09-20T09:24:40: The above exception was the direct cause of the following exception:
2025-09-20T09:24:40: 
2025-09-20T09:24:40: Traceback (most recent call last):
2025-09-20T09:24:40:   File "/home/anirudh/data-universe/scripts/reddit_multi_runner.py", line 376, in account_worker
2025-09-20T09:24:40:     async with session.get(url, headers=headers, timeout=60, proxy=account.proxy) as resp:
2025-09-20T09:24:40:   File "/home/anirudh/.local/lib/python3.10/site-packages/aiohttp/client.py", line 1360, in __aenter__
2025-09-20T09:24:40:     self._resp: _RetType = await self._coro
2025-09-20T09:24:40:   File "/home/anirudh/.local/lib/python3.10/site-packages/aiohttp/client.py", line 690, in _request
2025-09-20T09:24:40:     await resp.start(conn)
2025-09-20T09:24:40:   File "/home/anirudh/.local/lib/python3.10/site-packages/aiohttp/client_reqrep.py", line 1054, in start
2025-09-20T09:24:40:     with self._timer:
2025-09-20T09:24:40:   File "/home/anirudh/.local/lib/python3.10/site-packages/aiohttp/helpers.py", line 749, in __exit__
2025-09-20T09:24:40:     raise asyncio.TimeoutError from exc_val
2025-09-20T09:24:40: asyncio.exceptions.TimeoutError
2025-09-20T09:24:40: Traceback (most recent call last):
2025-09-20T09:24:40:   File "/home/anirudh/.local/lib/python3.10/site-packages/aiohttp/client_reqrep.py", line 1059, in start
2025-09-20T09:24:40:     message, payload = await protocol.read()  # type: ignore[union-attr]
2025-09-20T09:24:40:   File "/home/anirudh/.local/lib/python3.10/site-packages/aiohttp/streams.py", line 644, in read
2025-09-20T09:24:40:     await self._waiter
2025-09-20T09:24:40: asyncio.exceptions.CancelledError
2025-09-20T09:24:40: 
2025-09-20T09:24:40: The above exception was the direct cause of the following exception:
2025-09-20T09:24:40: 
2025-09-20T09:24:40: Traceback (most recent call last):
2025-09-20T09:24:40:   File "/home/anirudh/data-universe/scripts/reddit_multi_runner.py", line 376, in account_worker
2025-09-20T09:24:40:     async with session.get(url, headers=headers, timeout=60, proxy=account.proxy) as resp:
2025-09-20T09:24:40:   File "/home/anirudh/.local/lib/python3.10/site-packages/aiohttp/client.py", line 1360, in __aenter__
2025-09-20T09:24:40:     self._resp: _RetType = await self._coro
2025-09-20T09:24:40:   File "/home/anirudh/.local/lib/python3.10/site-packages/aiohttp/client.py", line 690, in _request
2025-09-20T09:24:40:     await resp.start(conn)
2025-09-20T09:24:40:   File "/home/anirudh/.local/lib/python3.10/site-packages/aiohttp/client_reqrep.py", line 1054, in start
2025-09-20T09:24:40:     with self._timer:
2025-09-20T09:24:40:   File "/home/anirudh/.local/lib/python3.10/site-packages/aiohttp/helpers.py", line 749, in __exit__
2025-09-20T09:24:40:     raise asyncio.TimeoutError from exc_val
2025-09-20T09:24:40: asyncio.exceptions.TimeoutError
2025-09-20T09:24:41: Traceback (most recent call last):
2025-09-20T09:24:41:   File "/home/anirudh/.local/lib/python3.10/site-packages/aiohttp/client_reqrep.py", line 1059, in start
2025-09-20T09:24:41:     message, payload = await protocol.read()  # type: ignore[union-attr]
2025-09-20T09:24:41:   File "/home/anirudh/.local/lib/python3.10/site-packages/aiohttp/streams.py", line 644, in read
2025-09-20T09:24:41:     await self._waiter
2025-09-20T09:24:41: asyncio.exceptions.CancelledError
2025-09-20T09:24:41: 
2025-09-20T09:24:41: The above exception was the direct cause of the following exception:
2025-09-20T09:24:41: 
2025-09-20T09:24:41: Traceback (most recent call last):
2025-09-20T09:24:41:   File "/home/anirudh/data-universe/scripts/reddit_multi_runner.py", line 376, in account_worker
2025-09-20T09:24:41:     async with session.get(url, headers=headers, timeout=60, proxy=account.proxy) as resp:
2025-09-20T09:24:41:   File "/home/anirudh/.local/lib/python3.10/site-packages/aiohttp/client.py", line 1360, in __aenter__
2025-09-20T09:24:41:     self._resp: _RetType = await self._coro
2025-09-20T09:24:41:   File "/home/anirudh/.local/lib/python3.10/site-packages/aiohttp/client.py", line 690, in _request
2025-09-20T09:24:41:     await resp.start(conn)
2025-09-20T09:24:41:   File "/home/anirudh/.local/lib/python3.10/site-packages/aiohttp/client_reqrep.py", line 1054, in start
2025-09-20T09:24:41:     with self._timer:
2025-09-20T09:24:41:   File "/home/anirudh/.local/lib/python3.10/site-packages/aiohttp/helpers.py", line 749, in __exit__
2025-09-20T09:24:41:     raise asyncio.TimeoutError from exc_val
2025-09-20T09:24:41: asyncio.exceptions.TimeoutError
2025-09-20T09:24:41: Traceback (most recent call last):
2025-09-20T09:24:41:   File "/home/anirudh/.local/lib/python3.10/site-packages/aiohttp/client_reqrep.py", line 1059, in start
2025-09-20T09:24:41:     message, payload = await protocol.read()  # type: ignore[union-attr]
2025-09-20T09:24:41:   File "/home/anirudh/.local/lib/python3.10/site-packages/aiohttp/streams.py", line 644, in read
2025-09-20T09:24:41:     await self._waiter
2025-09-20T09:24:41: asyncio.exceptions.CancelledError
2025-09-20T09:24:41: 
2025-09-20T09:24:41: The above exception was the direct cause of the following exception:
2025-09-20T09:24:41: 
2025-09-20T09:24:41: Traceback (most recent call last):
2025-09-20T09:24:41:   File "/home/anirudh/data-universe/scripts/reddit_multi_runner.py", line 376, in account_worker
2025-09-20T09:24:41:     async with session.get(url, headers=headers, timeout=60, proxy=account.proxy) as resp:
2025-09-20T09:24:41:   File "/home/anirudh/.local/lib/python3.10/site-packages/aiohttp/client.py", line 1360, in __aenter__
2025-09-20T09:24:41:     self._resp: _RetType = await self._coro
2025-09-20T09:24:41:   File "/home/anirudh/.local/lib/python3.10/site-packages/aiohttp/client.py", line 690, in _request
2025-09-20T09:24:41:     await resp.start(conn)
2025-09-20T09:24:41:   File "/home/anirudh/.local/lib/python3.10/site-packages/aiohttp/client_reqrep.py", line 1054, in start
2025-09-20T09:24:41:     with self._timer:
2025-09-20T09:24:41:   File "/home/anirudh/.local/lib/python3.10/site-packages/aiohttp/helpers.py", line 749, in __exit__
2025-09-20T09:24:41:     raise asyncio.TimeoutError from exc_val
2025-09-20T09:24:41: asyncio.exceptions.TimeoutError
2025-09-20T09:24:41: Traceback (most recent call last):
2025-09-20T09:24:41:   File "/home/anirudh/.local/lib/python3.10/site-packages/aiohttp/client_reqrep.py", line 1059, in start
2025-09-20T09:24:41:     message, payload = await protocol.read()  # type: ignore[union-attr]
2025-09-20T09:24:41:   File "/home/anirudh/.local/lib/python3.10/site-packages/aiohttp/streams.py", line 644, in read
2025-09-20T09:24:41:     await self._waiter
2025-09-20T09:24:41: asyncio.exceptions.CancelledError
2025-09-20T09:24:41: 
2025-09-20T09:24:41: The above exception was the direct cause of the following exception:
2025-09-20T09:24:41: 
2025-09-20T09:24:41: Traceback (most recent call last):
2025-09-20T09:24:41:   File "/home/anirudh/data-universe/scripts/reddit_multi_runner.py", line 376, in account_worker
2025-09-20T09:24:41:     async with session.get(url, headers=headers, timeout=60, proxy=account.proxy) as resp:
2025-09-20T09:24:41:   File "/home/anirudh/.local/lib/python3.10/site-packages/aiohttp/client.py", line 1360, in __aenter__
2025-09-20T09:24:41:     self._resp: _RetType = await self._coro
2025-09-20T09:24:41:   File "/home/anirudh/.local/lib/python3.10/site-packages/aiohttp/client.py", line 690, in _request
2025-09-20T09:24:41:     await resp.start(conn)
2025-09-20T09:24:41:   File "/home/anirudh/.local/lib/python3.10/site-packages/aiohttp/client_reqrep.py", line 1054, in start
2025-09-20T09:24:41:     with self._timer:
2025-09-20T09:24:41:   File "/home/anirudh/.local/lib/python3.10/site-packages/aiohttp/helpers.py", line 749, in __exit__
2025-09-20T09:24:41:     raise asyncio.TimeoutError from exc_val
2025-09-20T09:24:41: asyncio.exceptions.TimeoutError
2025-09-20T09:24:42: Traceback (most recent call last):
2025-09-20T09:24:42:   File "/home/anirudh/.local/lib/python3.10/site-packages/aiohttp/client_reqrep.py", line 1059, in start
2025-09-20T09:24:42:     message, payload = await protocol.read()  # type: ignore[union-attr]
2025-09-20T09:24:42:   File "/home/anirudh/.local/lib/python3.10/site-packages/aiohttp/streams.py", line 644, in read
2025-09-20T09:24:42:     await self._waiter
2025-09-20T09:24:42: asyncio.exceptions.CancelledError
2025-09-20T09:24:42: 
2025-09-20T09:24:42: The above exception was the direct cause of the following exception:
2025-09-20T09:24:42: 
2025-09-20T09:24:42: Traceback (most recent call last):
2025-09-20T09:24:42:   File "/home/anirudh/data-universe/scripts/reddit_multi_runner.py", line 376, in account_worker
2025-09-20T09:24:42:     async with session.get(url, headers=headers, timeout=60, proxy=account.proxy) as resp:
2025-09-20T09:24:42:   File "/home/anirudh/.local/lib/python3.10/site-packages/aiohttp/client.py", line 1360, in __aenter__
2025-09-20T09:24:42:     self._resp: _RetType = await self._coro
2025-09-20T09:24:42:   File "/home/anirudh/.local/lib/python3.10/site-packages/aiohttp/client.py", line 690, in _request
2025-09-20T09:24:42:     await resp.start(conn)
2025-09-20T09:24:42:   File "/home/anirudh/.local/lib/python3.10/site-packages/aiohttp/client_reqrep.py", line 1054, in start
2025-09-20T09:24:42:     with self._timer:
2025-09-20T09:24:42:   File "/home/anirudh/.local/lib/python3.10/site-packages/aiohttp/helpers.py", line 749, in __exit__
2025-09-20T09:24:42:     raise asyncio.TimeoutError from exc_val
2025-09-20T09:24:42: asyncio.exceptions.TimeoutError
2025-09-20T09:24:48: Traceback (most recent call last):
2025-09-20T09:24:48:   File "/home/anirudh/data-universe/scripts/reddit_multi_runner.py", line 559, in <module>
2025-09-20T09:24:48:     main()
2025-09-20T09:24:48:   File "/home/anirudh/data-universe/scripts/reddit_multi_runner.py", line 542, in main
2025-09-20T09:24:48:     asyncio.run(run_all())
2025-09-20T09:24:48:   File "/usr/lib/python3.10/asyncio/runners.py", line 44, in run
2025-09-20T09:24:48:     return loop.run_until_complete(main)
2025-09-20T09:24:48:   File "/usr/lib/python3.10/asyncio/base_events.py", line 636, in run_until_complete
2025-09-20T09:24:48:     self.run_forever()
2025-09-20T09:24:48:   File "/usr/lib/python3.10/asyncio/base_events.py", line 603, in run_forever
2025-09-20T09:24:48:     self._run_once()
2025-09-20T09:24:48:   File "/usr/lib/python3.10/asyncio/base_events.py", line 1871, in _run_once
2025-09-20T09:24:48:     event_list = self._selector.select(timeout)
2025-09-20T09:24:48:   File "/usr/lib/python3.10/selectors.py", line 469, in select
2025-09-20T09:24:48:     fd_event_list = self._selector.poll(timeout, max_ev)
2025-09-20T09:24:48: KeyboardInterrupt
2025-09-20T10:17:29: Traceback (most recent call last):
2025-09-20T10:17:29:   File "/home/anirudh/data-universe/scripts/reddit_multi_runner.py", line 559, in <module>
2025-09-20T10:17:29:     main()
2025-09-20T10:17:29:   File "/home/anirudh/data-universe/scripts/reddit_multi_runner.py", line 542, in main
2025-09-20T10:17:29:     asyncio.run(run_all())
2025-09-20T10:17:29:   File "/usr/lib/python3.10/asyncio/runners.py", line 44, in run
2025-09-20T10:17:29:     return loop.run_until_complete(main)
2025-09-20T10:17:29:   File "/usr/lib/python3.10/asyncio/base_events.py", line 636, in run_until_complete
2025-09-20T10:17:29:     self.run_forever()
2025-09-20T10:17:29:   File "/usr/lib/python3.10/asyncio/base_events.py", line 603, in run_forever
2025-09-20T10:17:29:     self._run_once()
2025-09-20T10:17:29:   File "/usr/lib/python3.10/asyncio/base_events.py", line 1871, in _run_once
2025-09-20T10:17:29:     event_list = self._selector.select(timeout)
2025-09-20T10:17:29:   File "/usr/lib/python3.10/selectors.py", line 469, in select
2025-09-20T10:17:29:     fd_event_list = self._selector.poll(timeout, max_ev)
2025-09-20T10:17:29: KeyboardInterrupt
2025-09-20T11:27:37: Traceback (most recent call last):
2025-09-20T11:27:37:   File "/home/anirudh/data-universe/scripts/reddit_multi_runner.py", line 559, in <module>
2025-09-20T11:27:37:     print("[FATAL] ", str(e))
2025-09-20T11:27:37:   File "/home/anirudh/data-universe/scripts/reddit_multi_runner.py", line 542, in main
2025-09-20T11:27:37:     run_seconds=args.run_seconds,
2025-09-20T11:27:37:   File "/usr/lib/python3.10/asyncio/runners.py", line 47, in run
2025-09-20T11:27:37:     _cancel_all_tasks(loop)
2025-09-20T11:27:37:   File "/usr/lib/python3.10/asyncio/runners.py", line 63, in _cancel_all_tasks
2025-09-20T11:27:37:     loop.run_until_complete(tasks.gather(*to_cancel, return_exceptions=True))
2025-09-20T11:27:37:   File "/usr/lib/python3.10/asyncio/base_events.py", line 636, in run_until_complete
2025-09-20T11:27:37:     self.run_forever()
2025-09-20T11:27:37:   File "/usr/lib/python3.10/asyncio/base_events.py", line 603, in run_forever
2025-09-20T11:27:37:     self._run_once()
2025-09-20T11:27:37:   File "/usr/lib/python3.10/asyncio/base_events.py", line 1909, in _run_once
2025-09-20T11:27:37:     handle._run()
2025-09-20T11:27:37:   File "/usr/lib/python3.10/asyncio/events.py", line 80, in _run
2025-09-20T11:27:37:     self._context.run(self._callback, *self._args)
2025-09-20T11:27:37:   File "/home/anirudh/data-universe/scripts/reddit_multi_runner.py", line 539, in run_all
2025-09-20T11:27:37:     tokens_dir=tokens_dir,
2025-09-20T11:27:37:   File "/usr/lib/python3.10/asyncio/runners.py", line 44, in run
2025-09-20T11:27:37:     return loop.run_until_complete(main)
2025-09-20T11:27:37:   File "/usr/lib/python3.10/asyncio/base_events.py", line 636, in run_until_complete
2025-09-20T11:27:37:     self.run_forever()
2025-09-20T11:27:37:   File "/usr/lib/python3.10/asyncio/base_events.py", line 603, in run_forever
2025-09-20T11:27:37:     self._run_once()
2025-09-20T11:27:37:   File "/usr/lib/python3.10/asyncio/base_events.py", line 1909, in _run_once
2025-09-20T11:27:37:     handle._run()
2025-09-20T11:27:37:   File "/usr/lib/python3.10/asyncio/events.py", line 80, in _run
2025-09-20T11:27:37:     self._context.run(self._callback, *self._args)
2025-09-20T11:27:37:   File "/home/anirudh/data-universe/scripts/reddit_multi_runner.py", line 406, in account_worker
2025-09-20T11:27:37:     entities = to_data_entities(list_items, typ="new" if ep == "new" else "comments")
2025-09-20T11:27:37:   File "/home/anirudh/data-universe/scripts/reddit_multi_runner.py", line 242, in to_data_entities
2025-09-20T11:27:37:     entities.append(RedditContent.to_data_entity(content))
2025-09-20T11:27:37:   File "/home/anirudh/data-universe/scraping/reddit/model.py", line 87, in to_data_entity
2025-09-20T11:27:37:     content_bytes = content.json(by_alias=True).encode("utf-8")
2025-09-20T11:27:37:   File "/home/anirudh/.local/lib/python3.10/site-packages/pydantic/v1/main.py", line 491, in json
2025-09-20T11:27:37:     data = dict(
2025-09-20T11:27:37:   File "/home/anirudh/.local/lib/python3.10/site-packages/pydantic/v1/main.py", line 866, in _iter
2025-09-20T11:27:37:     v = self._get_value(
2025-09-20T11:27:37:   File "/home/anirudh/.local/lib/python3.10/site-packages/pydantic/v1/main.py", line 776, in _get_value
2025-09-20T11:27:37:     elif sequence_like(v):
2025-09-20T11:27:37: KeyboardInterrupt
2025-09-20T11:41:03: Traceback (most recent call last):
2025-09-20T11:41:03:   File "/home/anirudh/data-universe/scripts/reddit_multi_runner.py", line 565, in <module>
2025-09-20T11:41:03:     sys.exit(1)
2025-09-20T11:41:03:   File "/home/anirudh/data-universe/scripts/reddit_multi_runner.py", line 548, in main
2025-09-20T11:41:03:     p.add_argument("--include-static-all", action="store_true", help="Include ALL subreddits from scripts/static/reddit_labels.json in addition to DD targets before sharding")
2025-09-20T11:41:03:   File "/usr/lib/python3.10/asyncio/runners.py", line 44, in run
2025-09-20T11:41:03:     return loop.run_until_complete(main)
2025-09-20T11:41:03:   File "/usr/lib/python3.10/asyncio/base_events.py", line 636, in run_until_complete
2025-09-20T11:41:03:     self.run_forever()
2025-09-20T11:41:03:   File "/usr/lib/python3.10/asyncio/base_events.py", line 603, in run_forever
2025-09-20T11:41:03:     self._run_once()
2025-09-20T11:41:03:   File "/usr/lib/python3.10/asyncio/base_events.py", line 1871, in _run_once
2025-09-20T11:41:03:     event_list = self._selector.select(timeout)
2025-09-20T11:41:03:   File "/usr/lib/python3.10/selectors.py", line 469, in select
2025-09-20T11:41:03:     fd_event_list = self._selector.poll(timeout, max_ev)
2025-09-20T11:41:03: KeyboardInterrupt
2025-09-20T13:06:40: Traceback (most recent call last):
2025-09-20T13:06:40:   File "/home/anirudh/.local/lib/python3.10/site-packages/aiohttp/streams.py", line 316, in _wait
2025-09-20T13:06:40:     await waiter
2025-09-20T13:06:40: asyncio.exceptions.CancelledError
2025-09-20T13:06:40: 
2025-09-20T13:06:40: The above exception was the direct cause of the following exception:
2025-09-20T13:06:40: 
2025-09-20T13:06:40: Traceback (most recent call last):
2025-09-20T13:06:40:   File "/home/anirudh/data-universe/scripts/reddit_multi_runner.py", line 456, in account_worker
2025-09-20T13:06:40:     data = await resp.json(content_type=None)
2025-09-20T13:06:40:   File "/home/anirudh/.local/lib/python3.10/site-packages/aiohttp/client_reqrep.py", line 1273, in json
2025-09-20T13:06:40:     await self.read()
2025-09-20T13:06:40:   File "/home/anirudh/.local/lib/python3.10/site-packages/aiohttp/client_reqrep.py", line 1215, in read
2025-09-20T13:06:40:     self._body = await self.content.read()
2025-09-20T13:06:40:   File "/home/anirudh/.local/lib/python3.10/site-packages/aiohttp/streams.py", line 387, in read
2025-09-20T13:06:40:     block = await self.readany()
2025-09-20T13:06:40:   File "/home/anirudh/.local/lib/python3.10/site-packages/aiohttp/streams.py", line 409, in readany
2025-09-20T13:06:40:     await self._wait("readany")
2025-09-20T13:06:40:   File "/home/anirudh/.local/lib/python3.10/site-packages/aiohttp/streams.py", line 315, in _wait
2025-09-20T13:06:40:     with self._timer:
2025-09-20T13:06:40:   File "/home/anirudh/.local/lib/python3.10/site-packages/aiohttp/helpers.py", line 749, in __exit__
2025-09-20T13:06:40:     raise asyncio.TimeoutError from exc_val
2025-09-20T13:06:40: asyncio.exceptions.TimeoutError
2025-09-20T13:06:51: Traceback (most recent call last):
2025-09-20T13:06:51:   File "/home/anirudh/.local/lib/python3.10/site-packages/aiohttp/client.py", line 663, in _request
2025-09-20T13:06:51:     conn = await self._connector.connect(
2025-09-20T13:06:51:   File "/home/anirudh/.local/lib/python3.10/site-packages/aiohttp/connector.py", line 538, in connect
2025-09-20T13:06:51:     proto = await self._create_connection(req, traces, timeout)
2025-09-20T13:06:51:   File "/home/anirudh/.local/lib/python3.10/site-packages/aiohttp/connector.py", line 1048, in _create_connection
2025-09-20T13:06:51:     _, proto = await self._create_proxy_connection(req, traces, timeout)
2025-09-20T13:06:51:   File "/home/anirudh/.local/lib/python3.10/site-packages/aiohttp/connector.py", line 1409, in _create_proxy_connection
2025-09-20T13:06:51:     transport, proto = await self._create_direct_connection(
2025-09-20T13:06:51:   File "/home/anirudh/.local/lib/python3.10/site-packages/aiohttp/connector.py", line 1353, in _create_direct_connection
2025-09-20T13:06:51:     transp, proto = await self._wrap_create_connection(
2025-09-20T13:06:51:   File "/home/anirudh/.local/lib/python3.10/site-packages/aiohttp/connector.py", line 1109, in _wrap_create_connection
2025-09-20T13:06:51:     sock = await aiohappyeyeballs.start_connection(
2025-09-20T13:06:51:   File "/home/anirudh/.local/lib/python3.10/site-packages/aiohappyeyeballs/impl.py", line 82, in start_connection
2025-09-20T13:06:51:     sock = await _connect_sock(
2025-09-20T13:06:51:   File "/home/anirudh/.local/lib/python3.10/site-packages/aiohappyeyeballs/impl.py", line 174, in _connect_sock
2025-09-20T13:06:51:     await loop.sock_connect(sock, address)
2025-09-20T13:06:51:   File "/usr/lib/python3.10/asyncio/selector_events.py", line 501, in sock_connect
2025-09-20T13:06:51:     return await fut
2025-09-20T13:06:51: asyncio.exceptions.CancelledError
2025-09-20T13:06:51: 
2025-09-20T13:06:51: The above exception was the direct cause of the following exception:
2025-09-20T13:06:51: 
2025-09-20T13:06:51: Traceback (most recent call last):
2025-09-20T13:06:51:   File "/home/anirudh/data-universe/scripts/reddit_multi_runner.py", line 450, in account_worker
2025-09-20T13:06:51:     async with session.get(url, headers=headers, timeout=60, proxy=account.proxy) as resp:
2025-09-20T13:06:51:   File "/home/anirudh/.local/lib/python3.10/site-packages/aiohttp/client.py", line 1360, in __aenter__
2025-09-20T13:06:51:     self._resp: _RetType = await self._coro
2025-09-20T13:06:51:   File "/home/anirudh/.local/lib/python3.10/site-packages/aiohttp/client.py", line 578, in _request
2025-09-20T13:06:51:     with timer:
2025-09-20T13:06:51:   File "/home/anirudh/.local/lib/python3.10/site-packages/aiohttp/helpers.py", line 749, in __exit__
2025-09-20T13:06:51:     raise asyncio.TimeoutError from exc_val
2025-09-20T13:06:51: asyncio.exceptions.TimeoutError
2025-09-20T17:37:44: Traceback (most recent call last):
2025-09-20T17:37:44:   File "/home/anirudh/.local/lib/python3.10/site-packages/aiohttp/streams.py", line 316, in _wait
2025-09-20T17:37:44:     await waiter
2025-09-20T17:37:44: asyncio.exceptions.CancelledError
2025-09-20T17:37:44: 
2025-09-20T17:37:44: The above exception was the direct cause of the following exception:
2025-09-20T17:37:44: 
2025-09-20T17:37:44: Traceback (most recent call last):
2025-09-20T17:37:44:   File "/home/anirudh/data-universe/scripts/reddit_multi_runner.py", line 456, in account_worker
2025-09-20T17:37:44:     data = await resp.json(content_type=None)
2025-09-20T17:37:44:   File "/home/anirudh/.local/lib/python3.10/site-packages/aiohttp/client_reqrep.py", line 1273, in json
2025-09-20T17:37:44:     await self.read()
2025-09-20T17:37:44:   File "/home/anirudh/.local/lib/python3.10/site-packages/aiohttp/client_reqrep.py", line 1215, in read
2025-09-20T17:37:44:     self._body = await self.content.read()
2025-09-20T17:37:44:   File "/home/anirudh/.local/lib/python3.10/site-packages/aiohttp/streams.py", line 387, in read
2025-09-20T17:37:44:     block = await self.readany()
2025-09-20T17:37:44:   File "/home/anirudh/.local/lib/python3.10/site-packages/aiohttp/streams.py", line 409, in readany
2025-09-20T17:37:44:     await self._wait("readany")
2025-09-20T17:37:44:   File "/home/anirudh/.local/lib/python3.10/site-packages/aiohttp/streams.py", line 315, in _wait
2025-09-20T17:37:44:     with self._timer:
2025-09-20T17:37:44:   File "/home/anirudh/.local/lib/python3.10/site-packages/aiohttp/helpers.py", line 749, in __exit__
2025-09-20T17:37:44:     raise asyncio.TimeoutError from exc_val
2025-09-20T17:37:44: asyncio.exceptions.TimeoutError
2025-09-20T17:37:44: Traceback (most recent call last):
2025-09-20T17:37:44:   File "/home/anirudh/.local/lib/python3.10/site-packages/aiohttp/streams.py", line 316, in _wait
2025-09-20T17:37:44:     await waiter
2025-09-20T17:37:44: asyncio.exceptions.CancelledError
2025-09-20T17:37:44: 
2025-09-20T17:37:44: The above exception was the direct cause of the following exception:
2025-09-20T17:37:44: 
2025-09-20T17:37:44: Traceback (most recent call last):
2025-09-20T17:37:44:   File "/home/anirudh/data-universe/scripts/reddit_multi_runner.py", line 456, in account_worker
2025-09-20T17:37:44:     data = await resp.json(content_type=None)
2025-09-20T17:37:44:   File "/home/anirudh/.local/lib/python3.10/site-packages/aiohttp/client_reqrep.py", line 1273, in json
2025-09-20T17:37:44:     await self.read()
2025-09-20T17:37:44:   File "/home/anirudh/.local/lib/python3.10/site-packages/aiohttp/client_reqrep.py", line 1215, in read
2025-09-20T17:37:44:     self._body = await self.content.read()
2025-09-20T17:37:44:   File "/home/anirudh/.local/lib/python3.10/site-packages/aiohttp/streams.py", line 387, in read
2025-09-20T17:37:44:     block = await self.readany()
2025-09-20T17:37:44:   File "/home/anirudh/.local/lib/python3.10/site-packages/aiohttp/streams.py", line 409, in readany
2025-09-20T17:37:44:     await self._wait("readany")
2025-09-20T17:37:44:   File "/home/anirudh/.local/lib/python3.10/site-packages/aiohttp/streams.py", line 315, in _wait
2025-09-20T17:37:44:     with self._timer:
2025-09-20T17:37:44:   File "/home/anirudh/.local/lib/python3.10/site-packages/aiohttp/helpers.py", line 749, in __exit__
2025-09-20T17:37:44:     raise asyncio.TimeoutError from exc_val
2025-09-20T17:37:44: asyncio.exceptions.TimeoutError
2025-09-20T17:37:45: Traceback (most recent call last):
2025-09-20T17:37:45:   File "/home/anirudh/.local/lib/python3.10/site-packages/aiohttp/client_reqrep.py", line 1059, in start
2025-09-20T17:37:45:     message, payload = await protocol.read()  # type: ignore[union-attr]
2025-09-20T17:37:45:   File "/home/anirudh/.local/lib/python3.10/site-packages/aiohttp/streams.py", line 644, in read
2025-09-20T17:37:45:     await self._waiter
2025-09-20T17:37:45: asyncio.exceptions.CancelledError
2025-09-20T17:37:45: 
2025-09-20T17:37:45: The above exception was the direct cause of the following exception:
2025-09-20T17:37:45: 
2025-09-20T17:37:45: Traceback (most recent call last):
2025-09-20T17:37:45:   File "/home/anirudh/data-universe/scripts/reddit_multi_runner.py", line 450, in account_worker
2025-09-20T17:37:45:     async with session.get(url, headers=headers, timeout=60, proxy=account.proxy) as resp:
2025-09-20T17:37:45:   File "/home/anirudh/.local/lib/python3.10/site-packages/aiohttp/client.py", line 1360, in __aenter__
2025-09-20T17:37:45:     self._resp: _RetType = await self._coro
2025-09-20T17:37:45:   File "/home/anirudh/.local/lib/python3.10/site-packages/aiohttp/client.py", line 690, in _request
2025-09-20T17:37:45:     await resp.start(conn)
2025-09-20T17:37:45:   File "/home/anirudh/.local/lib/python3.10/site-packages/aiohttp/client_reqrep.py", line 1054, in start
2025-09-20T17:37:45:     with self._timer:
2025-09-20T17:37:45:   File "/home/anirudh/.local/lib/python3.10/site-packages/aiohttp/helpers.py", line 749, in __exit__
2025-09-20T17:37:45:     raise asyncio.TimeoutError from exc_val
2025-09-20T17:37:45: asyncio.exceptions.TimeoutError
2025-09-20T17:37:45: Traceback (most recent call last):
2025-09-20T17:37:45:   File "/home/anirudh/.local/lib/python3.10/site-packages/aiohttp/client_reqrep.py", line 1059, in start
2025-09-20T17:37:45:     message, payload = await protocol.read()  # type: ignore[union-attr]
2025-09-20T17:37:45:   File "/home/anirudh/.local/lib/python3.10/site-packages/aiohttp/streams.py", line 644, in read
2025-09-20T17:37:45:     await self._waiter
2025-09-20T17:37:45: asyncio.exceptions.CancelledError
2025-09-20T17:37:45: 
2025-09-20T17:37:45: The above exception was the direct cause of the following exception:
2025-09-20T17:37:45: 
2025-09-20T17:37:45: Traceback (most recent call last):
2025-09-20T17:37:45:   File "/home/anirudh/data-universe/scripts/reddit_multi_runner.py", line 450, in account_worker
2025-09-20T17:37:45:     async with session.get(url, headers=headers, timeout=60, proxy=account.proxy) as resp:
2025-09-20T17:37:45:   File "/home/anirudh/.local/lib/python3.10/site-packages/aiohttp/client.py", line 1360, in __aenter__
2025-09-20T17:37:45:     self._resp: _RetType = await self._coro
2025-09-20T17:37:45:   File "/home/anirudh/.local/lib/python3.10/site-packages/aiohttp/client.py", line 690, in _request
2025-09-20T17:37:45:     await resp.start(conn)
2025-09-20T17:37:45:   File "/home/anirudh/.local/lib/python3.10/site-packages/aiohttp/client_reqrep.py", line 1054, in start
2025-09-20T17:37:45:     with self._timer:
2025-09-20T17:37:45:   File "/home/anirudh/.local/lib/python3.10/site-packages/aiohttp/helpers.py", line 749, in __exit__
2025-09-20T17:37:45:     raise asyncio.TimeoutError from exc_val
2025-09-20T17:37:45: asyncio.exceptions.TimeoutError
2025-09-20T17:37:45: Traceback (most recent call last):
2025-09-20T17:37:45:   File "/home/anirudh/.local/lib/python3.10/site-packages/aiohttp/client_reqrep.py", line 1059, in start
2025-09-20T17:37:45:     message, payload = await protocol.read()  # type: ignore[union-attr]
2025-09-20T17:37:45:   File "/home/anirudh/.local/lib/python3.10/site-packages/aiohttp/streams.py", line 644, in read
2025-09-20T17:37:45:     await self._waiter
2025-09-20T17:37:45: asyncio.exceptions.CancelledError
2025-09-20T17:37:45: 
2025-09-20T17:37:45: The above exception was the direct cause of the following exception:
2025-09-20T17:37:45: 
2025-09-20T17:37:45: Traceback (most recent call last):
2025-09-20T17:37:45:   File "/home/anirudh/data-universe/scripts/reddit_multi_runner.py", line 450, in account_worker
2025-09-20T17:37:45:     async with session.get(url, headers=headers, timeout=60, proxy=account.proxy) as resp:
2025-09-20T17:37:45:   File "/home/anirudh/.local/lib/python3.10/site-packages/aiohttp/client.py", line 1360, in __aenter__
2025-09-20T17:37:45:     self._resp: _RetType = await self._coro
2025-09-20T17:37:45:   File "/home/anirudh/.local/lib/python3.10/site-packages/aiohttp/client.py", line 690, in _request
2025-09-20T17:37:45:     await resp.start(conn)
2025-09-20T17:37:45:   File "/home/anirudh/.local/lib/python3.10/site-packages/aiohttp/client_reqrep.py", line 1054, in start
2025-09-20T17:37:45:     with self._timer:
2025-09-20T17:37:45:   File "/home/anirudh/.local/lib/python3.10/site-packages/aiohttp/helpers.py", line 749, in __exit__
2025-09-20T17:37:45:     raise asyncio.TimeoutError from exc_val
2025-09-20T17:37:45: asyncio.exceptions.TimeoutError
2025-09-20T17:37:45: Traceback (most recent call last):
2025-09-20T17:37:45:   File "/home/anirudh/.local/lib/python3.10/site-packages/aiohttp/client_reqrep.py", line 1059, in start
2025-09-20T17:37:45:     message, payload = await protocol.read()  # type: ignore[union-attr]
2025-09-20T17:37:45:   File "/home/anirudh/.local/lib/python3.10/site-packages/aiohttp/streams.py", line 644, in read
2025-09-20T17:37:45:     await self._waiter
2025-09-20T17:37:45: asyncio.exceptions.CancelledError
2025-09-20T17:37:45: 
2025-09-20T17:37:45: The above exception was the direct cause of the following exception:
2025-09-20T17:37:45: 
2025-09-20T17:37:45: Traceback (most recent call last):
2025-09-20T17:37:45:   File "/home/anirudh/data-universe/scripts/reddit_multi_runner.py", line 450, in account_worker
2025-09-20T17:37:45:     async with session.get(url, headers=headers, timeout=60, proxy=account.proxy) as resp:
2025-09-20T17:37:45:   File "/home/anirudh/.local/lib/python3.10/site-packages/aiohttp/client.py", line 1360, in __aenter__
2025-09-20T17:37:45:     self._resp: _RetType = await self._coro
2025-09-20T17:37:45:   File "/home/anirudh/.local/lib/python3.10/site-packages/aiohttp/client.py", line 690, in _request
2025-09-20T17:37:45:     await resp.start(conn)
2025-09-20T17:37:45:   File "/home/anirudh/.local/lib/python3.10/site-packages/aiohttp/client_reqrep.py", line 1054, in start
2025-09-20T17:37:45:     with self._timer:
2025-09-20T17:37:45:   File "/home/anirudh/.local/lib/python3.10/site-packages/aiohttp/helpers.py", line 749, in __exit__
2025-09-20T17:37:45:     raise asyncio.TimeoutError from exc_val
2025-09-20T17:37:45: asyncio.exceptions.TimeoutError
2025-09-20T17:37:45: Traceback (most recent call last):
2025-09-20T17:37:45:   File "/home/anirudh/.local/lib/python3.10/site-packages/aiohttp/client_reqrep.py", line 1059, in start
2025-09-20T17:37:45:     message, payload = await protocol.read()  # type: ignore[union-attr]
2025-09-20T17:37:45:   File "/home/anirudh/.local/lib/python3.10/site-packages/aiohttp/streams.py", line 644, in read
2025-09-20T17:37:45:     await self._waiter
2025-09-20T17:37:45: asyncio.exceptions.CancelledError
2025-09-20T17:37:45: 
2025-09-20T17:37:45: The above exception was the direct cause of the following exception:
2025-09-20T17:37:45: 
2025-09-20T17:37:45: Traceback (most recent call last):
2025-09-20T17:37:45:   File "/home/anirudh/data-universe/scripts/reddit_multi_runner.py", line 450, in account_worker
2025-09-20T17:37:45:     async with session.get(url, headers=headers, timeout=60, proxy=account.proxy) as resp:
2025-09-20T17:37:45:   File "/home/anirudh/.local/lib/python3.10/site-packages/aiohttp/client.py", line 1360, in __aenter__
2025-09-20T17:37:45:     self._resp: _RetType = await self._coro
2025-09-20T17:37:45:   File "/home/anirudh/.local/lib/python3.10/site-packages/aiohttp/client.py", line 690, in _request
2025-09-20T17:37:45:     await resp.start(conn)
2025-09-20T17:37:45:   File "/home/anirudh/.local/lib/python3.10/site-packages/aiohttp/client_reqrep.py", line 1054, in start
2025-09-20T17:37:45:     with self._timer:
2025-09-20T17:37:45:   File "/home/anirudh/.local/lib/python3.10/site-packages/aiohttp/helpers.py", line 749, in __exit__
2025-09-20T17:37:45:     raise asyncio.TimeoutError from exc_val
2025-09-20T17:37:45: asyncio.exceptions.TimeoutError
2025-09-20T17:37:45: Traceback (most recent call last):
2025-09-20T17:37:45:   File "/home/anirudh/.local/lib/python3.10/site-packages/aiohttp/client_reqrep.py", line 1059, in start
2025-09-20T17:37:45:     message, payload = await protocol.read()  # type: ignore[union-attr]
2025-09-20T17:37:45:   File "/home/anirudh/.local/lib/python3.10/site-packages/aiohttp/streams.py", line 644, in read
2025-09-20T17:37:45:     await self._waiter
2025-09-20T17:37:45: asyncio.exceptions.CancelledError
2025-09-20T17:37:45: 
2025-09-20T17:37:45: The above exception was the direct cause of the following exception:
2025-09-20T17:37:45: 
2025-09-20T17:37:45: Traceback (most recent call last):
2025-09-20T17:37:45:   File "/home/anirudh/data-universe/scripts/reddit_multi_runner.py", line 450, in account_worker
2025-09-20T17:37:45:     async with session.get(url, headers=headers, timeout=60, proxy=account.proxy) as resp:
2025-09-20T17:37:45:   File "/home/anirudh/.local/lib/python3.10/site-packages/aiohttp/client.py", line 1360, in __aenter__
2025-09-20T17:37:45:     self._resp: _RetType = await self._coro
2025-09-20T17:37:45:   File "/home/anirudh/.local/lib/python3.10/site-packages/aiohttp/client.py", line 690, in _request
2025-09-20T17:37:45:     await resp.start(conn)
2025-09-20T17:37:45:   File "/home/anirudh/.local/lib/python3.10/site-packages/aiohttp/client_reqrep.py", line 1054, in start
2025-09-20T17:37:45:     with self._timer:
2025-09-20T17:37:45:   File "/home/anirudh/.local/lib/python3.10/site-packages/aiohttp/helpers.py", line 749, in __exit__
2025-09-20T17:37:45:     raise asyncio.TimeoutError from exc_val
2025-09-20T17:37:45: asyncio.exceptions.TimeoutError
2025-09-20T17:37:45: Traceback (most recent call last):
2025-09-20T17:37:45:   File "/home/anirudh/.local/lib/python3.10/site-packages/aiohttp/client_reqrep.py", line 1059, in start
2025-09-20T17:37:45:     message, payload = await protocol.read()  # type: ignore[union-attr]
2025-09-20T17:37:45:   File "/home/anirudh/.local/lib/python3.10/site-packages/aiohttp/streams.py", line 644, in read
2025-09-20T17:37:45:     await self._waiter
2025-09-20T17:37:45: asyncio.exceptions.CancelledError
2025-09-20T17:37:45: 
2025-09-20T17:37:45: The above exception was the direct cause of the following exception:
2025-09-20T17:37:45: 
2025-09-20T17:37:45: Traceback (most recent call last):
2025-09-20T17:37:45:   File "/home/anirudh/data-universe/scripts/reddit_multi_runner.py", line 450, in account_worker
2025-09-20T17:37:45:     async with session.get(url, headers=headers, timeout=60, proxy=account.proxy) as resp:
2025-09-20T17:37:45:   File "/home/anirudh/.local/lib/python3.10/site-packages/aiohttp/client.py", line 1360, in __aenter__
2025-09-20T17:37:45:     self._resp: _RetType = await self._coro
2025-09-20T17:37:45:   File "/home/anirudh/.local/lib/python3.10/site-packages/aiohttp/client.py", line 690, in _request
2025-09-20T17:37:45:     await resp.start(conn)
2025-09-20T17:37:45:   File "/home/anirudh/.local/lib/python3.10/site-packages/aiohttp/client_reqrep.py", line 1054, in start
2025-09-20T17:37:45:     with self._timer:
2025-09-20T17:37:45:   File "/home/anirudh/.local/lib/python3.10/site-packages/aiohttp/helpers.py", line 749, in __exit__
2025-09-20T17:37:45:     raise asyncio.TimeoutError from exc_val
2025-09-20T17:37:45: asyncio.exceptions.TimeoutError
2025-09-20T17:37:45: Traceback (most recent call last):
2025-09-20T17:37:45:   File "/home/anirudh/.local/lib/python3.10/site-packages/aiohttp/client_reqrep.py", line 1059, in start
2025-09-20T17:37:45:     message, payload = await protocol.read()  # type: ignore[union-attr]
2025-09-20T17:37:45:   File "/home/anirudh/.local/lib/python3.10/site-packages/aiohttp/streams.py", line 644, in read
2025-09-20T17:37:45:     await self._waiter
2025-09-20T17:37:45: asyncio.exceptions.CancelledError
2025-09-20T17:37:45: 
2025-09-20T17:37:45: The above exception was the direct cause of the following exception:
2025-09-20T17:37:45: 
2025-09-20T17:37:45: Traceback (most recent call last):
2025-09-20T17:37:45:   File "/home/anirudh/data-universe/scripts/reddit_multi_runner.py", line 450, in account_worker
2025-09-20T17:37:45:     async with session.get(url, headers=headers, timeout=60, proxy=account.proxy) as resp:
2025-09-20T17:37:45:   File "/home/anirudh/.local/lib/python3.10/site-packages/aiohttp/client.py", line 1360, in __aenter__
2025-09-20T17:37:45:     self._resp: _RetType = await self._coro
2025-09-20T17:37:45:   File "/home/anirudh/.local/lib/python3.10/site-packages/aiohttp/client.py", line 690, in _request
2025-09-20T17:37:45:     await resp.start(conn)
2025-09-20T17:37:45:   File "/home/anirudh/.local/lib/python3.10/site-packages/aiohttp/client_reqrep.py", line 1054, in start
2025-09-20T17:37:45:     with self._timer:
2025-09-20T17:37:45:   File "/home/anirudh/.local/lib/python3.10/site-packages/aiohttp/helpers.py", line 749, in __exit__
2025-09-20T17:37:45:     raise asyncio.TimeoutError from exc_val
2025-09-20T17:37:45: asyncio.exceptions.TimeoutError
2025-09-20T17:37:46: Traceback (most recent call last):
2025-09-20T17:37:46:   File "/home/anirudh/.local/lib/python3.10/site-packages/aiohttp/client_reqrep.py", line 1059, in start
2025-09-20T17:37:46:     message, payload = await protocol.read()  # type: ignore[union-attr]
2025-09-20T17:37:46:   File "/home/anirudh/.local/lib/python3.10/site-packages/aiohttp/streams.py", line 644, in read
2025-09-20T17:37:46:     await self._waiter
2025-09-20T17:37:46: asyncio.exceptions.CancelledError
2025-09-20T17:37:46: 
2025-09-20T17:37:46: The above exception was the direct cause of the following exception:
2025-09-20T17:37:46: 
2025-09-20T17:37:46: Traceback (most recent call last):
2025-09-20T17:37:46:   File "/home/anirudh/data-universe/scripts/reddit_multi_runner.py", line 450, in account_worker
2025-09-20T17:37:46:     async with session.get(url, headers=headers, timeout=60, proxy=account.proxy) as resp:
2025-09-20T17:37:46:   File "/home/anirudh/.local/lib/python3.10/site-packages/aiohttp/client.py", line 1360, in __aenter__
2025-09-20T17:37:46:     self._resp: _RetType = await self._coro
2025-09-20T17:37:46:   File "/home/anirudh/.local/lib/python3.10/site-packages/aiohttp/client.py", line 690, in _request
2025-09-20T17:37:46:     await resp.start(conn)
2025-09-20T17:37:46:   File "/home/anirudh/.local/lib/python3.10/site-packages/aiohttp/client_reqrep.py", line 1054, in start
2025-09-20T17:37:46:     with self._timer:
2025-09-20T17:37:46:   File "/home/anirudh/.local/lib/python3.10/site-packages/aiohttp/helpers.py", line 749, in __exit__
2025-09-20T17:37:46:     raise asyncio.TimeoutError from exc_val
2025-09-20T17:37:46: asyncio.exceptions.TimeoutError
2025-09-20T17:37:46: Traceback (most recent call last):
2025-09-20T17:37:46:   File "/home/anirudh/.local/lib/python3.10/site-packages/aiohttp/client_reqrep.py", line 1059, in start
2025-09-20T17:37:46:     message, payload = await protocol.read()  # type: ignore[union-attr]
2025-09-20T17:37:46:   File "/home/anirudh/.local/lib/python3.10/site-packages/aiohttp/streams.py", line 644, in read
2025-09-20T17:37:46:     await self._waiter
2025-09-20T17:37:46: asyncio.exceptions.CancelledError
2025-09-20T17:37:46: 
2025-09-20T17:37:46: The above exception was the direct cause of the following exception:
2025-09-20T17:37:46: 
2025-09-20T17:37:46: Traceback (most recent call last):
2025-09-20T17:37:46:   File "/home/anirudh/data-universe/scripts/reddit_multi_runner.py", line 450, in account_worker
2025-09-20T17:37:46:     async with session.get(url, headers=headers, timeout=60, proxy=account.proxy) as resp:
2025-09-20T17:37:46:   File "/home/anirudh/.local/lib/python3.10/site-packages/aiohttp/client.py", line 1360, in __aenter__
2025-09-20T17:37:46:     self._resp: _RetType = await self._coro
2025-09-20T17:37:46:   File "/home/anirudh/.local/lib/python3.10/site-packages/aiohttp/client.py", line 690, in _request
2025-09-20T17:37:46:     await resp.start(conn)
2025-09-20T17:37:46:   File "/home/anirudh/.local/lib/python3.10/site-packages/aiohttp/client_reqrep.py", line 1054, in start
2025-09-20T17:37:46:     with self._timer:
2025-09-20T17:37:46:   File "/home/anirudh/.local/lib/python3.10/site-packages/aiohttp/helpers.py", line 749, in __exit__
2025-09-20T17:37:46:     raise asyncio.TimeoutError from exc_val
2025-09-20T17:37:46: asyncio.exceptions.TimeoutError
2025-09-20T17:37:46: Traceback (most recent call last):
2025-09-20T17:37:46:   File "/home/anirudh/.local/lib/python3.10/site-packages/aiohttp/client_reqrep.py", line 1059, in start
2025-09-20T17:37:46:     message, payload = await protocol.read()  # type: ignore[union-attr]
2025-09-20T17:37:46:   File "/home/anirudh/.local/lib/python3.10/site-packages/aiohttp/streams.py", line 644, in read
2025-09-20T17:37:46:     await self._waiter
2025-09-20T17:37:46: asyncio.exceptions.CancelledError
2025-09-20T17:37:46: 
2025-09-20T17:37:46: The above exception was the direct cause of the following exception:
2025-09-20T17:37:46: 
2025-09-20T17:37:46: Traceback (most recent call last):
2025-09-20T17:37:46:   File "/home/anirudh/data-universe/scripts/reddit_multi_runner.py", line 450, in account_worker
2025-09-20T17:37:46:     async with session.get(url, headers=headers, timeout=60, proxy=account.proxy) as resp:
2025-09-20T17:37:46:   File "/home/anirudh/.local/lib/python3.10/site-packages/aiohttp/client.py", line 1360, in __aenter__
2025-09-20T17:37:46:     self._resp: _RetType = await self._coro
2025-09-20T17:37:46:   File "/home/anirudh/.local/lib/python3.10/site-packages/aiohttp/client.py", line 690, in _request
2025-09-20T17:37:46:     await resp.start(conn)
2025-09-20T17:37:46:   File "/home/anirudh/.local/lib/python3.10/site-packages/aiohttp/client_reqrep.py", line 1054, in start
2025-09-20T17:37:46:     with self._timer:
2025-09-20T17:37:46:   File "/home/anirudh/.local/lib/python3.10/site-packages/aiohttp/helpers.py", line 749, in __exit__
2025-09-20T17:37:46:     raise asyncio.TimeoutError from exc_val
2025-09-20T17:37:46: asyncio.exceptions.TimeoutError
2025-09-20T17:37:46: Traceback (most recent call last):
2025-09-20T17:37:46:   File "/home/anirudh/.local/lib/python3.10/site-packages/aiohttp/client_reqrep.py", line 1059, in start
2025-09-20T17:37:46:     message, payload = await protocol.read()  # type: ignore[union-attr]
2025-09-20T17:37:46:   File "/home/anirudh/.local/lib/python3.10/site-packages/aiohttp/streams.py", line 644, in read
2025-09-20T17:37:46:     await self._waiter
2025-09-20T17:37:46: asyncio.exceptions.CancelledError
2025-09-20T17:37:46: 
2025-09-20T17:37:46: The above exception was the direct cause of the following exception:
2025-09-20T17:37:46: 
2025-09-20T17:37:46: Traceback (most recent call last):
2025-09-20T17:37:46:   File "/home/anirudh/data-universe/scripts/reddit_multi_runner.py", line 450, in account_worker
2025-09-20T17:37:46:     async with session.get(url, headers=headers, timeout=60, proxy=account.proxy) as resp:
2025-09-20T17:37:46:   File "/home/anirudh/.local/lib/python3.10/site-packages/aiohttp/client.py", line 1360, in __aenter__
2025-09-20T17:37:46:     self._resp: _RetType = await self._coro
2025-09-20T17:37:46:   File "/home/anirudh/.local/lib/python3.10/site-packages/aiohttp/client.py", line 690, in _request
2025-09-20T17:37:46:     await resp.start(conn)
2025-09-20T17:37:46:   File "/home/anirudh/.local/lib/python3.10/site-packages/aiohttp/client_reqrep.py", line 1054, in start
2025-09-20T17:37:46:     with self._timer:
2025-09-20T17:37:46:   File "/home/anirudh/.local/lib/python3.10/site-packages/aiohttp/helpers.py", line 749, in __exit__
2025-09-20T17:37:46:     raise asyncio.TimeoutError from exc_val
2025-09-20T17:37:46: asyncio.exceptions.TimeoutError
2025-09-20T17:37:46: Traceback (most recent call last):
2025-09-20T17:37:46:   File "/home/anirudh/.local/lib/python3.10/site-packages/aiohttp/client_reqrep.py", line 1059, in start
2025-09-20T17:37:46:     message, payload = await protocol.read()  # type: ignore[union-attr]
2025-09-20T17:37:46:   File "/home/anirudh/.local/lib/python3.10/site-packages/aiohttp/streams.py", line 644, in read
2025-09-20T17:37:46:     await self._waiter
2025-09-20T17:37:46: asyncio.exceptions.CancelledError
2025-09-20T17:37:46: 
2025-09-20T17:37:46: The above exception was the direct cause of the following exception:
2025-09-20T17:37:46: 
2025-09-20T17:37:46: Traceback (most recent call last):
2025-09-20T17:37:46:   File "/home/anirudh/data-universe/scripts/reddit_multi_runner.py", line 450, in account_worker
2025-09-20T17:37:46:     async with session.get(url, headers=headers, timeout=60, proxy=account.proxy) as resp:
2025-09-20T17:37:46:   File "/home/anirudh/.local/lib/python3.10/site-packages/aiohttp/client.py", line 1360, in __aenter__
2025-09-20T17:37:46:     self._resp: _RetType = await self._coro
2025-09-20T17:37:46:   File "/home/anirudh/.local/lib/python3.10/site-packages/aiohttp/client.py", line 690, in _request
2025-09-20T17:37:46:     await resp.start(conn)
2025-09-20T17:37:46:   File "/home/anirudh/.local/lib/python3.10/site-packages/aiohttp/client_reqrep.py", line 1054, in start
2025-09-20T17:37:46:     with self._timer:
2025-09-20T17:37:46:   File "/home/anirudh/.local/lib/python3.10/site-packages/aiohttp/helpers.py", line 749, in __exit__
2025-09-20T17:37:46:     raise asyncio.TimeoutError from exc_val
2025-09-20T17:37:46: asyncio.exceptions.TimeoutError
2025-09-20T18:50:58: Traceback (most recent call last):
2025-09-20T18:50:58:   File "/home/anirudh/data-universe/scripts/reddit_multi_runner.py", line 639, in <module>
2025-09-20T18:50:58:     main()
2025-09-20T18:50:58:   File "/home/anirudh/data-universe/scripts/reddit_multi_runner.py", line 622, in main
2025-09-20T18:50:58:     asyncio.run(run_all())
2025-09-20T18:50:58:   File "/usr/lib/python3.10/asyncio/runners.py", line 44, in run
2025-09-20T18:50:58:     return loop.run_until_complete(main)
2025-09-20T18:50:58:   File "/usr/lib/python3.10/asyncio/base_events.py", line 636, in run_until_complete
2025-09-20T18:50:58:     self.run_forever()
2025-09-20T18:50:58:   File "/usr/lib/python3.10/asyncio/base_events.py", line 603, in run_forever
2025-09-20T18:50:58:     self._run_once()
2025-09-20T18:50:58:   File "/usr/lib/python3.10/asyncio/base_events.py", line 1871, in _run_once
2025-09-20T18:50:58:     event_list = self._selector.select(timeout)
2025-09-20T18:50:58:   File "/usr/lib/python3.10/selectors.py", line 469, in select
2025-09-20T18:50:58:     fd_event_list = self._selector.poll(timeout, max_ev)
2025-09-20T18:50:58: KeyboardInterrupt
2025-09-20T20:16:31: Traceback (most recent call last):
2025-09-20T20:16:31:   File "/home/anirudh/.local/lib/python3.10/site-packages/aiohttp/streams.py", line 316, in _wait
2025-09-20T20:16:31:     await waiter
2025-09-20T20:16:31: asyncio.exceptions.CancelledError
2025-09-20T20:16:31: 
2025-09-20T20:16:31: The above exception was the direct cause of the following exception:
2025-09-20T20:16:31: 
2025-09-20T20:16:31: Traceback (most recent call last):
2025-09-20T20:16:31:   File "/home/anirudh/data-universe/scripts/reddit_multi_runner.py", line 456, in account_worker
2025-09-20T20:16:31:     data = await resp.json(content_type=None)
2025-09-20T20:16:31:   File "/home/anirudh/.local/lib/python3.10/site-packages/aiohttp/client_reqrep.py", line 1273, in json
2025-09-20T20:16:31:     await self.read()
2025-09-20T20:16:31:   File "/home/anirudh/.local/lib/python3.10/site-packages/aiohttp/client_reqrep.py", line 1215, in read
2025-09-20T20:16:31:     self._body = await self.content.read()
2025-09-20T20:16:31:   File "/home/anirudh/.local/lib/python3.10/site-packages/aiohttp/streams.py", line 387, in read
2025-09-20T20:16:31:     block = await self.readany()
2025-09-20T20:16:31:   File "/home/anirudh/.local/lib/python3.10/site-packages/aiohttp/streams.py", line 409, in readany
2025-09-20T20:16:31:     await self._wait("readany")
2025-09-20T20:16:31:   File "/home/anirudh/.local/lib/python3.10/site-packages/aiohttp/streams.py", line 315, in _wait
2025-09-20T20:16:31:     with self._timer:
2025-09-20T20:16:31:   File "/home/anirudh/.local/lib/python3.10/site-packages/aiohttp/helpers.py", line 749, in __exit__
2025-09-20T20:16:31:     raise asyncio.TimeoutError from exc_val
2025-09-20T20:16:31: asyncio.exceptions.TimeoutError
2025-09-20T20:16:31: Traceback (most recent call last):
2025-09-20T20:16:31:   File "/home/anirudh/.local/lib/python3.10/site-packages/aiohttp/streams.py", line 316, in _wait
2025-09-20T20:16:31:     await waiter
2025-09-20T20:16:31: asyncio.exceptions.CancelledError
2025-09-20T20:16:31: 
2025-09-20T20:16:31: The above exception was the direct cause of the following exception:
2025-09-20T20:16:31: 
2025-09-20T20:16:31: Traceback (most recent call last):
2025-09-20T20:16:31:   File "/home/anirudh/data-universe/scripts/reddit_multi_runner.py", line 456, in account_worker
2025-09-20T20:16:31:     data = await resp.json(content_type=None)
2025-09-20T20:16:31:   File "/home/anirudh/.local/lib/python3.10/site-packages/aiohttp/client_reqrep.py", line 1273, in json
2025-09-20T20:16:31:     await self.read()
2025-09-20T20:16:31:   File "/home/anirudh/.local/lib/python3.10/site-packages/aiohttp/client_reqrep.py", line 1215, in read
2025-09-20T20:16:31:     self._body = await self.content.read()
2025-09-20T20:16:31:   File "/home/anirudh/.local/lib/python3.10/site-packages/aiohttp/streams.py", line 387, in read
2025-09-20T20:16:31:     block = await self.readany()
2025-09-20T20:16:31:   File "/home/anirudh/.local/lib/python3.10/site-packages/aiohttp/streams.py", line 409, in readany
2025-09-20T20:16:31:     await self._wait("readany")
2025-09-20T20:16:31:   File "/home/anirudh/.local/lib/python3.10/site-packages/aiohttp/streams.py", line 315, in _wait
2025-09-20T20:16:31:     with self._timer:
2025-09-20T20:16:31:   File "/home/anirudh/.local/lib/python3.10/site-packages/aiohttp/helpers.py", line 749, in __exit__
2025-09-20T20:16:31:     raise asyncio.TimeoutError from exc_val
2025-09-20T20:16:31: asyncio.exceptions.TimeoutError
2025-09-20T20:16:31: Traceback (most recent call last):
2025-09-20T20:16:31:   File "/home/anirudh/.local/lib/python3.10/site-packages/aiohttp/client_reqrep.py", line 1059, in start
2025-09-20T20:16:31:     message, payload = await protocol.read()  # type: ignore[union-attr]
2025-09-20T20:16:31:   File "/home/anirudh/.local/lib/python3.10/site-packages/aiohttp/streams.py", line 644, in read
2025-09-20T20:16:31:     await self._waiter
2025-09-20T20:16:31: asyncio.exceptions.CancelledError
2025-09-20T20:16:31: 
2025-09-20T20:16:31: The above exception was the direct cause of the following exception:
2025-09-20T20:16:31: 
2025-09-20T20:16:31: Traceback (most recent call last):
2025-09-20T20:16:31:   File "/home/anirudh/data-universe/scripts/reddit_multi_runner.py", line 450, in account_worker
2025-09-20T20:16:31:     async with session.get(url, headers=headers, timeout=60, proxy=account.proxy) as resp:
2025-09-20T20:16:31:   File "/home/anirudh/.local/lib/python3.10/site-packages/aiohttp/client.py", line 1360, in __aenter__
2025-09-20T20:16:31:     self._resp: _RetType = await self._coro
2025-09-20T20:16:31:   File "/home/anirudh/.local/lib/python3.10/site-packages/aiohttp/client.py", line 690, in _request
2025-09-20T20:16:31:     await resp.start(conn)
2025-09-20T20:16:31:   File "/home/anirudh/.local/lib/python3.10/site-packages/aiohttp/client_reqrep.py", line 1054, in start
2025-09-20T20:16:31:     with self._timer:
2025-09-20T20:16:31:   File "/home/anirudh/.local/lib/python3.10/site-packages/aiohttp/helpers.py", line 749, in __exit__
2025-09-20T20:16:31:     raise asyncio.TimeoutError from exc_val
2025-09-20T20:16:31: asyncio.exceptions.TimeoutError
2025-09-20T20:16:31: Traceback (most recent call last):
2025-09-20T20:16:31:   File "/home/anirudh/.local/lib/python3.10/site-packages/aiohttp/client_reqrep.py", line 1059, in start
2025-09-20T20:16:31:     message, payload = await protocol.read()  # type: ignore[union-attr]
2025-09-20T20:16:31:   File "/home/anirudh/.local/lib/python3.10/site-packages/aiohttp/streams.py", line 644, in read
2025-09-20T20:16:31:     await self._waiter
2025-09-20T20:16:31: asyncio.exceptions.CancelledError
2025-09-20T20:16:31: 
2025-09-20T20:16:31: The above exception was the direct cause of the following exception:
2025-09-20T20:16:31: 
2025-09-20T20:16:31: Traceback (most recent call last):
2025-09-20T20:16:31:   File "/home/anirudh/data-universe/scripts/reddit_multi_runner.py", line 450, in account_worker
2025-09-20T20:16:31:     async with session.get(url, headers=headers, timeout=60, proxy=account.proxy) as resp:
2025-09-20T20:16:31:   File "/home/anirudh/.local/lib/python3.10/site-packages/aiohttp/client.py", line 1360, in __aenter__
2025-09-20T20:16:31:     self._resp: _RetType = await self._coro
2025-09-20T20:16:31:   File "/home/anirudh/.local/lib/python3.10/site-packages/aiohttp/client.py", line 690, in _request
2025-09-20T20:16:31:     await resp.start(conn)
2025-09-20T20:16:31:   File "/home/anirudh/.local/lib/python3.10/site-packages/aiohttp/client_reqrep.py", line 1054, in start
2025-09-20T20:16:31:     with self._timer:
2025-09-20T20:16:31:   File "/home/anirudh/.local/lib/python3.10/site-packages/aiohttp/helpers.py", line 749, in __exit__
2025-09-20T20:16:31:     raise asyncio.TimeoutError from exc_val
2025-09-20T20:16:31: asyncio.exceptions.TimeoutError
2025-09-20T20:16:32: Traceback (most recent call last):
2025-09-20T20:16:32:   File "/home/anirudh/.local/lib/python3.10/site-packages/aiohttp/client_reqrep.py", line 1059, in start
2025-09-20T20:16:32:     message, payload = await protocol.read()  # type: ignore[union-attr]
2025-09-20T20:16:32:   File "/home/anirudh/.local/lib/python3.10/site-packages/aiohttp/streams.py", line 644, in read
2025-09-20T20:16:32:     await self._waiter
2025-09-20T20:16:32: asyncio.exceptions.CancelledError
2025-09-20T20:16:32: 
2025-09-20T20:16:32: The above exception was the direct cause of the following exception:
2025-09-20T20:16:32: 
2025-09-20T20:16:32: Traceback (most recent call last):
2025-09-20T20:16:32:   File "/home/anirudh/data-universe/scripts/reddit_multi_runner.py", line 450, in account_worker
2025-09-20T20:16:32:     async with session.get(url, headers=headers, timeout=60, proxy=account.proxy) as resp:
2025-09-20T20:16:32:   File "/home/anirudh/.local/lib/python3.10/site-packages/aiohttp/client.py", line 1360, in __aenter__
2025-09-20T20:16:32:     self._resp: _RetType = await self._coro
2025-09-20T20:16:32:   File "/home/anirudh/.local/lib/python3.10/site-packages/aiohttp/client.py", line 690, in _request
2025-09-20T20:16:32:     await resp.start(conn)
2025-09-20T20:16:32:   File "/home/anirudh/.local/lib/python3.10/site-packages/aiohttp/client_reqrep.py", line 1054, in start
2025-09-20T20:16:32:     with self._timer:
2025-09-20T20:16:32:   File "/home/anirudh/.local/lib/python3.10/site-packages/aiohttp/helpers.py", line 749, in __exit__
2025-09-20T20:16:32:     raise asyncio.TimeoutError from exc_val
2025-09-20T20:16:32: asyncio.exceptions.TimeoutError
2025-09-20T20:16:32: Traceback (most recent call last):
2025-09-20T20:16:32:   File "/home/anirudh/.local/lib/python3.10/site-packages/aiohttp/client_reqrep.py", line 1059, in start
2025-09-20T20:16:32:     message, payload = await protocol.read()  # type: ignore[union-attr]
2025-09-20T20:16:32:   File "/home/anirudh/.local/lib/python3.10/site-packages/aiohttp/streams.py", line 644, in read
2025-09-20T20:16:32:     await self._waiter
2025-09-20T20:16:32: asyncio.exceptions.CancelledError
2025-09-20T20:16:32: 
2025-09-20T20:16:32: The above exception was the direct cause of the following exception:
2025-09-20T20:16:32: 
2025-09-20T20:16:32: Traceback (most recent call last):
2025-09-20T20:16:32:   File "/home/anirudh/data-universe/scripts/reddit_multi_runner.py", line 450, in account_worker
2025-09-20T20:16:32:     async with session.get(url, headers=headers, timeout=60, proxy=account.proxy) as resp:
2025-09-20T20:16:32:   File "/home/anirudh/.local/lib/python3.10/site-packages/aiohttp/client.py", line 1360, in __aenter__
2025-09-20T20:16:32:     self._resp: _RetType = await self._coro
2025-09-20T20:16:32:   File "/home/anirudh/.local/lib/python3.10/site-packages/aiohttp/client.py", line 690, in _request
2025-09-20T20:16:32:     await resp.start(conn)
2025-09-20T20:16:32:   File "/home/anirudh/.local/lib/python3.10/site-packages/aiohttp/client_reqrep.py", line 1054, in start
2025-09-20T20:16:32:     with self._timer:
2025-09-20T20:16:32:   File "/home/anirudh/.local/lib/python3.10/site-packages/aiohttp/helpers.py", line 749, in __exit__
2025-09-20T20:16:32:     raise asyncio.TimeoutError from exc_val
2025-09-20T20:16:32: asyncio.exceptions.TimeoutError
2025-09-20T20:16:32: Traceback (most recent call last):
2025-09-20T20:16:32:   File "/home/anirudh/.local/lib/python3.10/site-packages/aiohttp/client_reqrep.py", line 1059, in start
2025-09-20T20:16:32:     message, payload = await protocol.read()  # type: ignore[union-attr]
2025-09-20T20:16:32:   File "/home/anirudh/.local/lib/python3.10/site-packages/aiohttp/streams.py", line 644, in read
2025-09-20T20:16:32:     await self._waiter
2025-09-20T20:16:32: asyncio.exceptions.CancelledError
2025-09-20T20:16:32: 
2025-09-20T20:16:32: The above exception was the direct cause of the following exception:
2025-09-20T20:16:32: 
2025-09-20T20:16:32: Traceback (most recent call last):
2025-09-20T20:16:32:   File "/home/anirudh/data-universe/scripts/reddit_multi_runner.py", line 450, in account_worker
2025-09-20T20:16:32:     async with session.get(url, headers=headers, timeout=60, proxy=account.proxy) as resp:
2025-09-20T20:16:32:   File "/home/anirudh/.local/lib/python3.10/site-packages/aiohttp/client.py", line 1360, in __aenter__
2025-09-20T20:16:32:     self._resp: _RetType = await self._coro
2025-09-20T20:16:32:   File "/home/anirudh/.local/lib/python3.10/site-packages/aiohttp/client.py", line 690, in _request
2025-09-20T20:16:32:     await resp.start(conn)
2025-09-20T20:16:32:   File "/home/anirudh/.local/lib/python3.10/site-packages/aiohttp/client_reqrep.py", line 1054, in start
2025-09-20T20:16:32:     with self._timer:
2025-09-20T20:16:32:   File "/home/anirudh/.local/lib/python3.10/site-packages/aiohttp/helpers.py", line 749, in __exit__
2025-09-20T20:16:32:     raise asyncio.TimeoutError from exc_val
2025-09-20T20:16:32: asyncio.exceptions.TimeoutError
2025-09-20T20:16:32: Traceback (most recent call last):
2025-09-20T20:16:32:   File "/home/anirudh/.local/lib/python3.10/site-packages/aiohttp/client_reqrep.py", line 1059, in start
2025-09-20T20:16:32:     message, payload = await protocol.read()  # type: ignore[union-attr]
2025-09-20T20:16:32:   File "/home/anirudh/.local/lib/python3.10/site-packages/aiohttp/streams.py", line 644, in read
2025-09-20T20:16:32:     await self._waiter
2025-09-20T20:16:32: asyncio.exceptions.CancelledError
2025-09-20T20:16:32: 
2025-09-20T20:16:32: The above exception was the direct cause of the following exception:
2025-09-20T20:16:32: 
2025-09-20T20:16:32: Traceback (most recent call last):
2025-09-20T20:16:32:   File "/home/anirudh/data-universe/scripts/reddit_multi_runner.py", line 450, in account_worker
2025-09-20T20:16:32:     async with session.get(url, headers=headers, timeout=60, proxy=account.proxy) as resp:
2025-09-20T20:16:32:   File "/home/anirudh/.local/lib/python3.10/site-packages/aiohttp/client.py", line 1360, in __aenter__
2025-09-20T20:16:32:     self._resp: _RetType = await self._coro
2025-09-20T20:16:32:   File "/home/anirudh/.local/lib/python3.10/site-packages/aiohttp/client.py", line 690, in _request
2025-09-20T20:16:32:     await resp.start(conn)
2025-09-20T20:16:32:   File "/home/anirudh/.local/lib/python3.10/site-packages/aiohttp/client_reqrep.py", line 1054, in start
2025-09-20T20:16:32:     with self._timer:
2025-09-20T20:16:32:   File "/home/anirudh/.local/lib/python3.10/site-packages/aiohttp/helpers.py", line 749, in __exit__
2025-09-20T20:16:32:     raise asyncio.TimeoutError from exc_val
2025-09-20T20:16:32: asyncio.exceptions.TimeoutError
2025-09-20T20:16:32: Traceback (most recent call last):
2025-09-20T20:16:32:   File "/home/anirudh/.local/lib/python3.10/site-packages/aiohttp/client_reqrep.py", line 1059, in start
2025-09-20T20:16:32:     message, payload = await protocol.read()  # type: ignore[union-attr]
2025-09-20T20:16:32:   File "/home/anirudh/.local/lib/python3.10/site-packages/aiohttp/streams.py", line 644, in read
2025-09-20T20:16:32:     await self._waiter
2025-09-20T20:16:32: asyncio.exceptions.CancelledError
2025-09-20T20:16:32: 
2025-09-20T20:16:32: The above exception was the direct cause of the following exception:
2025-09-20T20:16:32: 
2025-09-20T20:16:32: Traceback (most recent call last):
2025-09-20T20:16:32:   File "/home/anirudh/data-universe/scripts/reddit_multi_runner.py", line 450, in account_worker
2025-09-20T20:16:32:     async with session.get(url, headers=headers, timeout=60, proxy=account.proxy) as resp:
2025-09-20T20:16:32:   File "/home/anirudh/.local/lib/python3.10/site-packages/aiohttp/client.py", line 1360, in __aenter__
2025-09-20T20:16:32:     self._resp: _RetType = await self._coro
2025-09-20T20:16:32:   File "/home/anirudh/.local/lib/python3.10/site-packages/aiohttp/client.py", line 690, in _request
2025-09-20T20:16:32:     await resp.start(conn)
2025-09-20T20:16:32:   File "/home/anirudh/.local/lib/python3.10/site-packages/aiohttp/client_reqrep.py", line 1054, in start
2025-09-20T20:16:32:     with self._timer:
2025-09-20T20:16:32:   File "/home/anirudh/.local/lib/python3.10/site-packages/aiohttp/helpers.py", line 749, in __exit__
2025-09-20T20:16:32:     raise asyncio.TimeoutError from exc_val
2025-09-20T20:16:32: asyncio.exceptions.TimeoutError
2025-09-20T20:16:32: Traceback (most recent call last):
2025-09-20T20:16:32:   File "/home/anirudh/.local/lib/python3.10/site-packages/aiohttp/client_reqrep.py", line 1059, in start
2025-09-20T20:16:32:     message, payload = await protocol.read()  # type: ignore[union-attr]
2025-09-20T20:16:32:   File "/home/anirudh/.local/lib/python3.10/site-packages/aiohttp/streams.py", line 644, in read
2025-09-20T20:16:32:     await self._waiter
2025-09-20T20:16:32: asyncio.exceptions.CancelledError
2025-09-20T20:16:32: 
2025-09-20T20:16:32: The above exception was the direct cause of the following exception:
2025-09-20T20:16:32: 
2025-09-20T20:16:32: Traceback (most recent call last):
2025-09-20T20:16:32:   File "/home/anirudh/data-universe/scripts/reddit_multi_runner.py", line 450, in account_worker
2025-09-20T20:16:32:     async with session.get(url, headers=headers, timeout=60, proxy=account.proxy) as resp:
2025-09-20T20:16:32:   File "/home/anirudh/.local/lib/python3.10/site-packages/aiohttp/client.py", line 1360, in __aenter__
2025-09-20T20:16:32:     self._resp: _RetType = await self._coro
2025-09-20T20:16:32:   File "/home/anirudh/.local/lib/python3.10/site-packages/aiohttp/client.py", line 690, in _request
2025-09-20T20:16:32:     await resp.start(conn)
2025-09-20T20:16:32:   File "/home/anirudh/.local/lib/python3.10/site-packages/aiohttp/client_reqrep.py", line 1054, in start
2025-09-20T20:16:32:     with self._timer:
2025-09-20T20:16:32:   File "/home/anirudh/.local/lib/python3.10/site-packages/aiohttp/helpers.py", line 749, in __exit__
2025-09-20T20:16:32:     raise asyncio.TimeoutError from exc_val
2025-09-20T20:16:32: asyncio.exceptions.TimeoutError
2025-09-20T20:16:32: Traceback (most recent call last):
2025-09-20T20:16:32:   File "/home/anirudh/.local/lib/python3.10/site-packages/aiohttp/client_reqrep.py", line 1059, in start
2025-09-20T20:16:32:     message, payload = await protocol.read()  # type: ignore[union-attr]
2025-09-20T20:16:32:   File "/home/anirudh/.local/lib/python3.10/site-packages/aiohttp/streams.py", line 644, in read
2025-09-20T20:16:32:     await self._waiter
2025-09-20T20:16:32: asyncio.exceptions.CancelledError
2025-09-20T20:16:32: 
2025-09-20T20:16:32: The above exception was the direct cause of the following exception:
2025-09-20T20:16:32: 
2025-09-20T20:16:32: Traceback (most recent call last):
2025-09-20T20:16:32:   File "/home/anirudh/data-universe/scripts/reddit_multi_runner.py", line 450, in account_worker
2025-09-20T20:16:32:     async with session.get(url, headers=headers, timeout=60, proxy=account.proxy) as resp:
2025-09-20T20:16:32:   File "/home/anirudh/.local/lib/python3.10/site-packages/aiohttp/client.py", line 1360, in __aenter__
2025-09-20T20:16:32:     self._resp: _RetType = await self._coro
2025-09-20T20:16:32:   File "/home/anirudh/.local/lib/python3.10/site-packages/aiohttp/client.py", line 690, in _request
2025-09-20T20:16:32:     await resp.start(conn)
2025-09-20T20:16:32:   File "/home/anirudh/.local/lib/python3.10/site-packages/aiohttp/client_reqrep.py", line 1054, in start
2025-09-20T20:16:32:     with self._timer:
2025-09-20T20:16:32:   File "/home/anirudh/.local/lib/python3.10/site-packages/aiohttp/helpers.py", line 749, in __exit__
2025-09-20T20:16:32:     raise asyncio.TimeoutError from exc_val
2025-09-20T20:16:32: asyncio.exceptions.TimeoutError
2025-09-20T20:16:32: Traceback (most recent call last):
2025-09-20T20:16:32:   File "/home/anirudh/.local/lib/python3.10/site-packages/aiohttp/client_reqrep.py", line 1059, in start
2025-09-20T20:16:32:     message, payload = await protocol.read()  # type: ignore[union-attr]
2025-09-20T20:16:32:   File "/home/anirudh/.local/lib/python3.10/site-packages/aiohttp/streams.py", line 644, in read
2025-09-20T20:16:32:     await self._waiter
2025-09-20T20:16:32: asyncio.exceptions.CancelledError
2025-09-20T20:16:32: 
2025-09-20T20:16:32: The above exception was the direct cause of the following exception:
2025-09-20T20:16:32: 
2025-09-20T20:16:32: Traceback (most recent call last):
2025-09-20T20:16:32:   File "/home/anirudh/data-universe/scripts/reddit_multi_runner.py", line 450, in account_worker
2025-09-20T20:16:32:     async with session.get(url, headers=headers, timeout=60, proxy=account.proxy) as resp:
2025-09-20T20:16:32:   File "/home/anirudh/.local/lib/python3.10/site-packages/aiohttp/client.py", line 1360, in __aenter__
2025-09-20T20:16:32:     self._resp: _RetType = await self._coro
2025-09-20T20:16:32:   File "/home/anirudh/.local/lib/python3.10/site-packages/aiohttp/client.py", line 690, in _request
2025-09-20T20:16:32:     await resp.start(conn)
2025-09-20T20:16:32:   File "/home/anirudh/.local/lib/python3.10/site-packages/aiohttp/client_reqrep.py", line 1054, in start
2025-09-20T20:16:32:     with self._timer:
2025-09-20T20:16:32:   File "/home/anirudh/.local/lib/python3.10/site-packages/aiohttp/helpers.py", line 749, in __exit__
2025-09-20T20:16:32:     raise asyncio.TimeoutError from exc_val
2025-09-20T20:16:32: asyncio.exceptions.TimeoutError
2025-09-20T20:16:32: Traceback (most recent call last):
2025-09-20T20:16:32:   File "/home/anirudh/.local/lib/python3.10/site-packages/aiohttp/client_reqrep.py", line 1059, in start
2025-09-20T20:16:32:     message, payload = await protocol.read()  # type: ignore[union-attr]
2025-09-20T20:16:32:   File "/home/anirudh/.local/lib/python3.10/site-packages/aiohttp/streams.py", line 644, in read
2025-09-20T20:16:32:     await self._waiter
2025-09-20T20:16:32: asyncio.exceptions.CancelledError
2025-09-20T20:16:32: 
2025-09-20T20:16:32: The above exception was the direct cause of the following exception:
2025-09-20T20:16:32: 
2025-09-20T20:16:32: Traceback (most recent call last):
2025-09-20T20:16:32:   File "/home/anirudh/data-universe/scripts/reddit_multi_runner.py", line 450, in account_worker
2025-09-20T20:16:32:     async with session.get(url, headers=headers, timeout=60, proxy=account.proxy) as resp:
2025-09-20T20:16:32:   File "/home/anirudh/.local/lib/python3.10/site-packages/aiohttp/client.py", line 1360, in __aenter__
2025-09-20T20:16:32:     self._resp: _RetType = await self._coro
2025-09-20T20:16:32:   File "/home/anirudh/.local/lib/python3.10/site-packages/aiohttp/client.py", line 690, in _request
2025-09-20T20:16:32:     await resp.start(conn)
2025-09-20T20:16:32:   File "/home/anirudh/.local/lib/python3.10/site-packages/aiohttp/client_reqrep.py", line 1054, in start
2025-09-20T20:16:32:     with self._timer:
2025-09-20T20:16:32:   File "/home/anirudh/.local/lib/python3.10/site-packages/aiohttp/helpers.py", line 749, in __exit__
2025-09-20T20:16:32:     raise asyncio.TimeoutError from exc_val
2025-09-20T20:16:32: asyncio.exceptions.TimeoutError
2025-09-20T20:16:33: Traceback (most recent call last):
2025-09-20T20:16:33:   File "/home/anirudh/.local/lib/python3.10/site-packages/aiohttp/client_reqrep.py", line 1059, in start
2025-09-20T20:16:33:     message, payload = await protocol.read()  # type: ignore[union-attr]
2025-09-20T20:16:33:   File "/home/anirudh/.local/lib/python3.10/site-packages/aiohttp/streams.py", line 644, in read
2025-09-20T20:16:33:     await self._waiter
2025-09-20T20:16:33: asyncio.exceptions.CancelledError
2025-09-20T20:16:33: 
2025-09-20T20:16:33: The above exception was the direct cause of the following exception:
2025-09-20T20:16:33: 
2025-09-20T20:16:33: Traceback (most recent call last):
2025-09-20T20:16:33:   File "/home/anirudh/data-universe/scripts/reddit_multi_runner.py", line 450, in account_worker
2025-09-20T20:16:33:     async with session.get(url, headers=headers, timeout=60, proxy=account.proxy) as resp:
2025-09-20T20:16:33:   File "/home/anirudh/.local/lib/python3.10/site-packages/aiohttp/client.py", line 1360, in __aenter__
2025-09-20T20:16:33:     self._resp: _RetType = await self._coro
2025-09-20T20:16:33:   File "/home/anirudh/.local/lib/python3.10/site-packages/aiohttp/client.py", line 690, in _request
2025-09-20T20:16:33:     await resp.start(conn)
2025-09-20T20:16:33:   File "/home/anirudh/.local/lib/python3.10/site-packages/aiohttp/client_reqrep.py", line 1054, in start
2025-09-20T20:16:33:     with self._timer:
2025-09-20T20:16:33:   File "/home/anirudh/.local/lib/python3.10/site-packages/aiohttp/helpers.py", line 749, in __exit__
2025-09-20T20:16:33:     raise asyncio.TimeoutError from exc_val
2025-09-20T20:16:33: asyncio.exceptions.TimeoutError
2025-09-20T20:16:33: Traceback (most recent call last):
2025-09-20T20:16:33:   File "/home/anirudh/.local/lib/python3.10/site-packages/aiohttp/client_reqrep.py", line 1059, in start
2025-09-20T20:16:33:     message, payload = await protocol.read()  # type: ignore[union-attr]
2025-09-20T20:16:33:   File "/home/anirudh/.local/lib/python3.10/site-packages/aiohttp/streams.py", line 644, in read
2025-09-20T20:16:33:     await self._waiter
2025-09-20T20:16:33: asyncio.exceptions.CancelledError
2025-09-20T20:16:33: 
2025-09-20T20:16:33: The above exception was the direct cause of the following exception:
2025-09-20T20:16:33: 
2025-09-20T20:16:33: Traceback (most recent call last):
2025-09-20T20:16:33:   File "/home/anirudh/data-universe/scripts/reddit_multi_runner.py", line 450, in account_worker
2025-09-20T20:16:33:     async with session.get(url, headers=headers, timeout=60, proxy=account.proxy) as resp:
2025-09-20T20:16:33:   File "/home/anirudh/.local/lib/python3.10/site-packages/aiohttp/client.py", line 1360, in __aenter__
2025-09-20T20:16:33:     self._resp: _RetType = await self._coro
2025-09-20T20:16:33:   File "/home/anirudh/.local/lib/python3.10/site-packages/aiohttp/client.py", line 690, in _request
2025-09-20T20:16:33:     await resp.start(conn)
2025-09-20T20:16:33:   File "/home/anirudh/.local/lib/python3.10/site-packages/aiohttp/client_reqrep.py", line 1054, in start
2025-09-20T20:16:33:     with self._timer:
2025-09-20T20:16:33:   File "/home/anirudh/.local/lib/python3.10/site-packages/aiohttp/helpers.py", line 749, in __exit__
2025-09-20T20:16:33:     raise asyncio.TimeoutError from exc_val
2025-09-20T20:16:33: asyncio.exceptions.TimeoutError
2025-09-20T21:11:17: Traceback (most recent call last):
2025-09-20T21:11:17:   File "/home/anirudh/data-universe/scripts/reddit_multi_runner.py", line 639, in <module>
2025-09-20T21:11:17:     main()
2025-09-20T21:11:17:   File "/home/anirudh/data-universe/scripts/reddit_multi_runner.py", line 622, in main
2025-09-20T21:11:17:     asyncio.run(run_all())
2025-09-20T21:11:17:   File "/usr/lib/python3.10/asyncio/runners.py", line 47, in run
2025-09-20T21:11:17:     _cancel_all_tasks(loop)
2025-09-20T21:11:17:   File "/usr/lib/python3.10/asyncio/runners.py", line 63, in _cancel_all_tasks
2025-09-20T21:11:17:     loop.run_until_complete(tasks.gather(*to_cancel, return_exceptions=True))
2025-09-20T21:11:17:   File "/usr/lib/python3.10/asyncio/base_events.py", line 636, in run_until_complete
2025-09-20T21:11:17:     self.run_forever()
2025-09-20T21:11:17:   File "/usr/lib/python3.10/asyncio/base_events.py", line 603, in run_forever
2025-09-20T21:11:17:     self._run_once()
2025-09-20T21:11:17:   File "/usr/lib/python3.10/asyncio/base_events.py", line 1909, in _run_once
2025-09-20T21:11:17:     handle._run()
2025-09-20T21:11:17:   File "/usr/lib/python3.10/asyncio/events.py", line 80, in _run
2025-09-20T21:11:17:     self._context.run(self._callback, *self._args)
2025-09-20T21:11:17:   File "/home/anirudh/data-universe/scripts/reddit_multi_runner.py", line 619, in run_all
2025-09-20T21:11:17:     await asyncio.gather(*tasks)
2025-09-20T21:11:17:   File "/usr/lib/python3.10/asyncio/runners.py", line 44, in run
2025-09-20T21:11:17:     return loop.run_until_complete(main)
2025-09-20T21:11:17:   File "/usr/lib/python3.10/asyncio/base_events.py", line 636, in run_until_complete
2025-09-20T21:11:17:     self.run_forever()
2025-09-20T21:11:17:   File "/usr/lib/python3.10/asyncio/base_events.py", line 603, in run_forever
2025-09-20T21:11:17:     self._run_once()
2025-09-20T21:11:17:   File "/usr/lib/python3.10/asyncio/base_events.py", line 1909, in _run_once
2025-09-20T21:11:17:     handle._run()
2025-09-20T21:11:17:   File "/usr/lib/python3.10/asyncio/events.py", line 80, in _run
2025-09-20T21:11:17:     self._context.run(self._callback, *self._args)
2025-09-20T21:11:17:   File "/home/anirudh/data-universe/scripts/reddit_multi_runner.py", line 450, in account_worker
2025-09-20T21:11:17:     async with session.get(url, headers=headers, timeout=60, proxy=account.proxy) as resp:
2025-09-20T21:11:17:   File "/home/anirudh/.local/lib/python3.10/site-packages/aiohttp/client.py", line 1360, in __aenter__
2025-09-20T21:11:17:     self._resp: _RetType = await self._coro
2025-09-20T21:11:17:   File "/home/anirudh/.local/lib/python3.10/site-packages/aiohttp/client.py", line 663, in _request
2025-09-20T21:11:17:     conn = await self._connector.connect(
2025-09-20T21:11:17:   File "/home/anirudh/.local/lib/python3.10/site-packages/aiohttp/connector.py", line 515, in connect
2025-09-20T21:11:17:     key = req.connection_key
2025-09-20T21:11:17:   File "/home/anirudh/.local/lib/python3.10/site-packages/aiohttp/client_reqrep.py", line 377, in connection_key
2025-09-20T21:11:17:     return ConnectionKey(
2025-09-20T21:11:17:   File "<attrs generated init aiohttp.client_reqrep.ConnectionKey>", line 5, in __init__
2025-09-20T21:11:17:     _setattr('is_ssl', is_ssl)
2025-09-20T21:11:17: KeyboardInterrupt
2025-09-21T03:32:48: Traceback (most recent call last):
2025-09-21T03:32:48:   File "/home/anirudh/developer-docs/data-universe-final/scripts/reddit_multi_runner.py", line 655, in <module>
2025-09-21T03:32:48:     main()
2025-09-21T03:32:48:   File "/home/anirudh/developer-docs/data-universe-final/scripts/reddit_multi_runner.py", line 638, in main
2025-09-21T03:32:48:     asyncio.run(run_all())
2025-09-21T03:32:48:   File "/usr/lib/python3.10/asyncio/runners.py", line 44, in run
2025-09-21T03:32:48:     return loop.run_until_complete(main)
2025-09-21T03:32:48:   File "/usr/lib/python3.10/asyncio/base_events.py", line 636, in run_until_complete
2025-09-21T03:32:48:     self.run_forever()
2025-09-21T03:32:48:   File "/usr/lib/python3.10/asyncio/base_events.py", line 603, in run_forever
2025-09-21T03:32:48:     self._run_once()
2025-09-21T03:32:48:   File "/usr/lib/python3.10/asyncio/base_events.py", line 1871, in _run_once
2025-09-21T03:32:48:     event_list = self._selector.select(timeout)
2025-09-21T03:32:48:   File "/usr/lib/python3.10/selectors.py", line 469, in select
2025-09-21T03:32:48:     fd_event_list = self._selector.poll(timeout, max_ev)
2025-09-21T03:32:48: KeyboardInterrupt
2025-09-21T03:51:15: Traceback (most recent call last):
2025-09-21T03:51:15:   File "/home/anirudh/developer-docs/data-universe-final/scripts/reddit_multi_runner.py", line 655, in <module>
2025-09-21T03:51:15:     main()
2025-09-21T03:51:15:   File "/home/anirudh/developer-docs/data-universe-final/scripts/reddit_multi_runner.py", line 638, in main
2025-09-21T03:51:15:     asyncio.run(run_all())
2025-09-21T03:51:15:   File "/usr/lib/python3.10/asyncio/runners.py", line 47, in run
2025-09-21T03:51:15:     _cancel_all_tasks(loop)
2025-09-21T03:51:15:   File "/usr/lib/python3.10/asyncio/runners.py", line 63, in _cancel_all_tasks
2025-09-21T03:51:15:     loop.run_until_complete(tasks.gather(*to_cancel, return_exceptions=True))
2025-09-21T03:51:15:   File "/usr/lib/python3.10/asyncio/base_events.py", line 636, in run_until_complete
2025-09-21T03:51:15:     self.run_forever()
2025-09-21T03:51:15:   File "/usr/lib/python3.10/asyncio/base_events.py", line 603, in run_forever
2025-09-21T03:51:15:     self._run_once()
2025-09-21T03:51:15:   File "/usr/lib/python3.10/asyncio/base_events.py", line 1909, in _run_once
2025-09-21T03:51:15:     handle._run()
2025-09-21T03:51:15:   File "/usr/lib/python3.10/asyncio/events.py", line 80, in _run
2025-09-21T03:51:15:     self._context.run(self._callback, *self._args)
2025-09-21T03:51:15:   File "/home/anirudh/developer-docs/data-universe-final/scripts/reddit_multi_runner.py", line 635, in run_all
2025-09-21T03:51:15:     await asyncio.gather(*tasks)
2025-09-21T03:51:15:   File "/usr/lib/python3.10/asyncio/runners.py", line 44, in run
2025-09-21T03:51:15:     return loop.run_until_complete(main)
2025-09-21T03:51:15:   File "/usr/lib/python3.10/asyncio/base_events.py", line 636, in run_until_complete
2025-09-21T03:51:15:     self.run_forever()
2025-09-21T03:51:15:   File "/usr/lib/python3.10/asyncio/base_events.py", line 603, in run_forever
2025-09-21T03:51:15:     self._run_once()
2025-09-21T03:51:15:   File "/usr/lib/python3.10/asyncio/base_events.py", line 1909, in _run_once
2025-09-21T03:51:15:     handle._run()
2025-09-21T03:51:15:   File "/usr/lib/python3.10/asyncio/events.py", line 80, in _run
2025-09-21T03:51:15:     self._context.run(self._callback, *self._args)
2025-09-21T03:51:15:   File "/home/anirudh/developer-docs/data-universe-final/scripts/reddit_multi_runner.py", line 503, in account_worker
2025-09-21T03:51:15:     storage.store_data_entities(subset)
2025-09-21T03:51:15:   File "/home/anirudh/developer-docs/data-universe-final/storage/miner/sqlite_miner_storage.py", line 148, in store_data_entities
2025-09-21T03:51:15:     cursor.execute("SELECT SUM(contentSizeBytes) FROM DataEntity")
2025-09-21T03:51:15: KeyboardInterrupt
2025-09-21T03:56:13: Traceback (most recent call last):
2025-09-21T03:56:13:   File "/home/anirudh/developer-docs/data-universe-final/scripts/reddit_multi_runner.py", line 655, in <module>
2025-09-21T03:56:13:     main()
2025-09-21T03:56:13:   File "/home/anirudh/developer-docs/data-universe-final/scripts/reddit_multi_runner.py", line 638, in main
2025-09-21T03:56:13:     asyncio.run(run_all())
2025-09-21T03:56:13:   File "/usr/lib/python3.10/asyncio/runners.py", line 44, in run
2025-09-21T03:56:13:     return loop.run_until_complete(main)
2025-09-21T03:56:13:   File "/usr/lib/python3.10/asyncio/base_events.py", line 636, in run_until_complete
2025-09-21T03:56:13:     self.run_forever()
2025-09-21T03:56:13:   File "/usr/lib/python3.10/asyncio/base_events.py", line 603, in run_forever
2025-09-21T03:56:13:     self._run_once()
2025-09-21T03:56:13:   File "/usr/lib/python3.10/asyncio/base_events.py", line 1871, in _run_once
2025-09-21T03:56:13:     event_list = self._selector.select(timeout)
2025-09-21T03:56:13:   File "/usr/lib/python3.10/selectors.py", line 469, in select
2025-09-21T03:56:13:     fd_event_list = self._selector.poll(timeout, max_ev)
2025-09-21T03:56:13: KeyboardInterrupt
2025-11-06T02:08:35: Traceback (most recent call last):
2025-11-06T02:08:35:   File "/home/anirudh/Desktop/data-universe-final/scripts/reddit_multi_runner.py", line 655, in <module>
2025-11-06T02:08:35:     main()
2025-11-06T02:08:35:   File "/home/anirudh/Desktop/data-universe-final/scripts/reddit_multi_runner.py", line 638, in main
2025-11-06T02:08:35:     asyncio.run(run_all())
2025-11-06T02:08:35:   File "/usr/lib/python3.10/asyncio/runners.py", line 44, in run
2025-11-06T02:08:35:     return loop.run_until_complete(main)
2025-11-06T02:08:35:   File "/usr/lib/python3.10/asyncio/base_events.py", line 636, in run_until_complete
2025-11-06T02:08:35:     self.run_forever()
2025-11-06T02:08:35:   File "/usr/lib/python3.10/asyncio/base_events.py", line 603, in run_forever
2025-11-06T02:08:35:     self._run_once()
2025-11-06T02:08:35:   File "/usr/lib/python3.10/asyncio/base_events.py", line 1909, in _run_once
2025-11-06T02:08:35:     handle._run()
2025-11-06T02:08:35:   File "/usr/lib/python3.10/asyncio/events.py", line 80, in _run
2025-11-06T02:08:35:     self._context.run(self._callback, *self._args)
2025-11-06T02:08:35:   File "/home/anirudh/Desktop/data-universe-final/scripts/reddit_multi_runner.py", line 395, in account_worker
2025-11-06T02:08:35:     await ensure_token()
2025-11-06T02:08:35:   File "/home/anirudh/Desktop/data-universe-final/scripts/reddit_multi_runner.py", line 380, in ensure_token
2025-11-06T02:08:35:     t, expires_in, scope = get_token_with_retry(account.client_id, account.client_secret,
2025-11-06T02:08:35:   File "/home/anirudh/Desktop/data-universe-final/scripts/reddit_one_shot.py", line 214, in get_token_with_retry
2025-11-06T02:08:35:     return get_token(client_id, client_secret, username, password, user_agent)
2025-11-06T02:08:35:   File "/home/anirudh/Desktop/data-universe-final/scripts/reddit_one_shot.py", line 174, in get_token
2025-11-06T02:08:35:     status, body, resp_headers = http_request(TOKEN_URL, method="POST", headers=headers, form=form)
2025-11-06T02:08:35:   File "/home/anirudh/Desktop/data-universe-final/scripts/reddit_one_shot.py", line 119, in http_request
2025-11-06T02:08:35:     with urllib.request.urlopen(req, timeout=timeout) as resp:
2025-11-06T02:08:35:   File "/usr/lib/python3.10/urllib/request.py", line 216, in urlopen
2025-11-06T02:08:35:     return opener.open(url, data, timeout)
2025-11-06T02:08:35:   File "/usr/lib/python3.10/urllib/request.py", line 519, in open
2025-11-06T02:08:35:     response = self._open(req, data)
2025-11-06T02:08:35:   File "/usr/lib/python3.10/urllib/request.py", line 536, in _open
2025-11-06T02:08:35:     result = self._call_chain(self.handle_open, protocol, protocol +
2025-11-06T02:08:35:   File "/usr/lib/python3.10/urllib/request.py", line 496, in _call_chain
2025-11-06T02:08:35:     result = func(*args)
2025-11-06T02:08:35:   File "/usr/lib/python3.10/urllib/request.py", line 1391, in https_open
2025-11-06T02:08:35:     return self.do_open(http.client.HTTPSConnection, req,
2025-11-06T02:08:35:   File "/usr/lib/python3.10/urllib/request.py", line 1352, in do_open
2025-11-06T02:08:35:     r = h.getresponse()
2025-11-06T02:08:35:   File "/usr/lib/python3.10/http/client.py", line 1375, in getresponse
2025-11-06T02:08:35:     response.begin()
2025-11-06T02:08:35:   File "/usr/lib/python3.10/http/client.py", line 318, in begin
2025-11-06T02:08:35:     version, status, reason = self._read_status()
2025-11-06T02:08:35:   File "/usr/lib/python3.10/http/client.py", line 279, in _read_status
2025-11-06T02:08:35:     line = str(self.fp.readline(_MAXLINE + 1), "iso-8859-1")
2025-11-06T02:08:35:   File "/usr/lib/python3.10/socket.py", line 705, in readinto
2025-11-06T02:08:35:     return self._sock.recv_into(b)
2025-11-06T02:08:35:   File "/usr/lib/python3.10/ssl.py", line 1303, in recv_into
2025-11-06T02:08:35:     return self.read(nbytes, buffer)
2025-11-06T02:08:35:   File "/usr/lib/python3.10/ssl.py", line 1159, in read
2025-11-06T02:08:35:     return self._sslobj.read(len, buffer)
2025-11-06T02:08:35: KeyboardInterrupt
